TN:
SF:app/fonts.ts
FNF:0
FNH:0
DA:1,0
DA:4,0
LF:2
LH:0
BRF:0
BRH:0
end_of_record
TN:
SF:app/layout.tsx
FN:20,RootLayout
FNF:1
FNH:0
FNDA:0,RootLayout
DA:1,0
DA:2,0
DA:3,0
DA:4,0
DA:5,0
DA:6,0
DA:7,0
DA:8,0
DA:10,0
DA:20,0
LF:10
LH:0
BRF:0
BRH:0
end_of_record
TN:
SF:app/page.tsx
FN:12,Home
FNF:1
FNH:0
FNDA:0,Home
DA:1,0
DA:2,0
DA:3,0
DA:4,0
DA:5,0
DA:7,0
DA:8,0
DA:9,0
DA:10,0
DA:12,0
LF:10
LH:0
BRF:0
BRH:0
end_of_record
TN:
SF:app/api/addresses/route.ts
FN:6,POST
FN:14,(anonymous_4)
FN:18,(anonymous_5)
FN:21,(anonymous_6)
FN:75,PATCH
FN:83,(anonymous_8)
FN:87,(anonymous_9)
FN:90,(anonymous_10)
FNF:8
FNH:0
FNDA:0,POST
FNDA:0,(anonymous_4)
FNDA:0,(anonymous_5)
FNDA:0,(anonymous_6)
FNDA:0,PATCH
FNDA:0,(anonymous_8)
FNDA:0,(anonymous_9)
FNDA:0,(anonymous_10)
DA:1,0
DA:2,0
DA:3,0
DA:6,0
DA:7,0
DA:8,0
DA:9,0
DA:15,0
DA:16,0
DA:19,0
DA:22,0
DA:28,0
DA:31,0
DA:32,0
DA:38,0
DA:55,0
DA:56,0
DA:57,0
DA:62,0
DA:67,0
DA:68,0
DA:75,0
DA:76,0
DA:77,0
DA:78,0
DA:84,0
DA:85,0
DA:88,0
DA:91,0
DA:97,0
DA:100,0
DA:101,0
DA:107,0
DA:125,0
DA:126,0
DA:127,0
DA:132,0
DA:137,0
DA:138,0
LF:39
LH:0
BRDA:10,0,0,0
BRDA:10,0,1,0
BRDA:11,1,0,0
BRDA:11,1,1,0
BRDA:31,2,0,0
BRDA:31,3,0,0
BRDA:31,3,1,0
BRDA:31,3,2,0
BRDA:31,3,3,0
BRDA:41,4,0,0
BRDA:41,4,1,0
BRDA:42,5,0,0
BRDA:42,5,1,0
BRDA:43,6,0,0
BRDA:43,6,1,0
BRDA:44,7,0,0
BRDA:44,7,1,0
BRDA:45,8,0,0
BRDA:45,8,1,0
BRDA:46,9,0,0
BRDA:46,9,1,0
BRDA:47,10,0,0
BRDA:47,10,1,0
BRDA:48,11,0,0
BRDA:48,11,1,0
BRDA:49,12,0,0
BRDA:49,12,1,0
BRDA:55,13,0,0
BRDA:79,14,0,0
BRDA:79,14,1,0
BRDA:80,15,0,0
BRDA:80,15,1,0
BRDA:100,16,0,0
BRDA:125,17,0,0
BRF:34
BRH:0
end_of_record
TN:
SF:app/api/admin/discount-codes/route.ts
FN:6,isAdmin
FN:29,GET
FN:37,(anonymous_5)
FN:41,(anonymous_6)
FN:44,(anonymous_7)
FN:132,POST
FN:140,(anonymous_9)
FN:144,(anonymous_10)
FN:147,(anonymous_11)
FNF:9
FNH:0
FNDA:0,isAdmin
FNDA:0,GET
FNDA:0,(anonymous_5)
FNDA:0,(anonymous_6)
FNDA:0,(anonymous_7)
FNDA:0,POST
FNDA:0,(anonymous_9)
FNDA:0,(anonymous_10)
FNDA:0,(anonymous_11)
DA:1,0
DA:2,0
DA:3,0
DA:7,0
DA:9,0
DA:10,0
DA:15,0
DA:21,0
DA:22,0
DA:25,0
DA:29,0
DA:30,0
DA:31,0
DA:32,0
DA:38,0
DA:39,0
DA:42,0
DA:45,0
DA:52,0
DA:53,0
DA:54,0
DA:60,0
DA:61,0
DA:62,0
DA:63,0
DA:64,0
DA:65,0
DA:66,0
DA:67,0
DA:70,0
DA:76,0
DA:77,0
DA:78,0
DA:79,0
DA:82,0
DA:83,0
DA:86,0
DA:87,0
DA:91,0
DA:92,0
DA:93,0
DA:96,0
DA:98,0
DA:99,0
DA:100,0
DA:106,0
DA:110,0
DA:111,0
DA:114,0
DA:124,0
DA:125,0
DA:132,0
DA:133,0
DA:134,0
DA:135,0
DA:141,0
DA:142,0
DA:145,0
DA:148,0
DA:155,0
DA:156,0
DA:157,0
DA:162,0
DA:165,0
DA:166,0
DA:172,0
DA:178,0
DA:179,0
DA:180,0
DA:185,0
DA:186,0
DA:192,0
DA:198,0
DA:199,0
DA:200,0
DA:205,0
DA:210,0
DA:211,0
LF:78
LH:0
BRDA:9,0,0,0
BRDA:9,1,0,0
BRDA:9,1,1,0
BRDA:21,2,0,0
BRDA:21,3,0,0
BRDA:21,3,1,0
BRDA:33,4,0,0
BRDA:33,4,1,0
BRDA:34,5,0,0
BRDA:34,5,1,0
BRDA:53,6,0,0
BRDA:61,7,0,0
BRDA:61,7,1,0
BRDA:62,8,0,0
BRDA:62,8,1,0
BRDA:63,9,0,0
BRDA:63,9,1,0
BRDA:64,10,0,0
BRDA:64,10,1,0
BRDA:76,11,0,0
BRDA:76,11,1,0
BRDA:78,12,0,0
BRDA:82,13,0,0
BRDA:86,14,0,0
BRDA:98,15,0,0
BRDA:110,16,0,0
BRDA:119,17,0,0
BRDA:119,17,1,0
BRDA:120,18,0,0
BRDA:120,18,1,0
BRDA:136,19,0,0
BRDA:136,19,1,0
BRDA:137,20,0,0
BRDA:137,20,1,0
BRDA:156,21,0,0
BRDA:165,22,0,0
BRDA:165,23,0,0
BRDA:165,23,1,0
BRDA:178,24,0,0
BRDA:185,25,0,0
BRDA:198,26,0,0
BRF:41
BRH:0
end_of_record
TN:
SF:app/api/admin/discount-codes/[id]/route.ts
FN:6,isAdmin
FN:28,GET
FN:39,(anonymous_6)
FN:43,(anonymous_7)
FN:46,(anonymous_8)
FN:102,PATCH
FN:113,(anonymous_10)
FN:117,(anonymous_11)
FN:120,(anonymous_12)
FN:186,DELETE
FN:197,(anonymous_14)
FN:201,(anonymous_15)
FN:204,(anonymous_16)
FNF:13
FNH:0
FNDA:0,isAdmin
FNDA:0,GET
FNDA:0,(anonymous_6)
FNDA:0,(anonymous_7)
FNDA:0,(anonymous_8)
FNDA:0,PATCH
FNDA:0,(anonymous_10)
FNDA:0,(anonymous_11)
FNDA:0,(anonymous_12)
FNDA:0,DELETE
FNDA:0,(anonymous_14)
FNDA:0,(anonymous_15)
FNDA:0,(anonymous_16)
DA:1,0
DA:2,0
DA:3,0
DA:7,0
DA:9,0
DA:10,0
DA:14,0
DA:20,0
DA:21,0
DA:24,0
DA:28,0
DA:32,0
DA:33,0
DA:34,0
DA:40,0
DA:41,0
DA:44,0
DA:47,0
DA:54,0
DA:55,0
DA:56,0
DA:61,0
DA:64,0
DA:79,0
DA:80,0
DA:81,0
DA:86,0
DA:87,0
DA:92,0
DA:94,0
DA:95,0
DA:102,0
DA:106,0
DA:107,0
DA:108,0
DA:114,0
DA:115,0
DA:118,0
DA:121,0
DA:128,0
DA:129,0
DA:130,0
DA:135,0
DA:136,0
DA:139,0
DA:145,0
DA:146,0
DA:147,0
DA:152,0
DA:153,0
DA:159,0
DA:166,0
DA:167,0
DA:168,0
DA:173,0
DA:178,0
DA:179,0
DA:186,0
DA:190,0
DA:191,0
DA:192,0
DA:198,0
DA:199,0
DA:202,0
DA:205,0
DA:212,0
DA:213,0
DA:214,0
DA:219,0
DA:222,0
DA:228,0
DA:229,0
DA:230,0
DA:235,0
DA:236,0
DA:242,0
DA:247,0
DA:248,0
DA:249,0
DA:254,0
DA:258,0
DA:259,0
LF:82
LH:0
BRDA:9,0,0,0
BRDA:9,1,0,0
BRDA:9,1,1,0
BRDA:20,2,0,0
BRDA:20,3,0,0
BRDA:20,3,1,0
BRDA:35,4,0,0
BRDA:35,4,1,0
BRDA:36,5,0,0
BRDA:36,5,1,0
BRDA:55,6,0,0
BRDA:79,7,0,0
BRDA:86,8,0,0
BRDA:109,9,0,0
BRDA:109,9,1,0
BRDA:110,10,0,0
BRDA:110,10,1,0
BRDA:129,11,0,0
BRDA:145,12,0,0
BRDA:152,13,0,0
BRDA:166,14,0,0
BRDA:193,15,0,0
BRDA:193,15,1,0
BRDA:194,16,0,0
BRDA:194,16,1,0
BRDA:213,17,0,0
BRDA:228,18,0,0
BRDA:235,19,0,0
BRDA:247,20,0,0
BRF:29
BRH:0
end_of_record
TN:
SF:app/api/admin/discount-codes/generate/route.ts
FN:6,isAdmin
FN:28,generateRandomCode
FN:40,POST
FN:48,(anonymous_4)
FN:52,(anonymous_5)
FN:55,(anonymous_6)
FNF:6
FNH:0
FNDA:0,isAdmin
FNDA:0,generateRandomCode
FNDA:0,POST
FNDA:0,(anonymous_4)
FNDA:0,(anonymous_5)
FNDA:0,(anonymous_6)
DA:1,0
DA:2,0
DA:3,0
DA:7,0
DA:9,0
DA:10,0
DA:14,0
DA:20,0
DA:21,0
DA:24,0
DA:29,0
DA:30,0
DA:32,0
DA:33,0
DA:36,0
DA:40,0
DA:41,0
DA:42,0
DA:43,0
DA:49,0
DA:50,0
DA:53,0
DA:56,0
DA:63,0
DA:64,0
DA:65,0
DA:70,0
DA:86,0
DA:89,0
DA:90,0
DA:95,0
DA:96,0
DA:102,0
DA:103,0
DA:105,0
DA:107,0
DA:108,0
DA:111,0
DA:112,0
DA:115,0
DA:117,0
DA:123,0
DA:124,0
DA:125,0
DA:130,0
DA:131,0
DA:132,0
DA:134,0
DA:151,0
DA:154,0
DA:155,0
DA:162,0
DA:167,0
DA:168,0
DA:169,0
DA:174,0
DA:179,0
DA:180,0
LF:58
LH:0
BRDA:9,0,0,0
BRDA:9,1,0,0
BRDA:9,1,1,0
BRDA:20,2,0,0
BRDA:20,3,0,0
BRDA:20,3,1,0
BRDA:28,4,0,0
BRDA:28,5,0,0
BRDA:36,6,0,0
BRDA:36,6,1,0
BRDA:44,7,0,0
BRDA:44,7,1,0
BRDA:45,8,0,0
BRDA:45,8,1,0
BRDA:64,9,0,0
BRDA:72,10,0,0
BRDA:73,11,0,0
BRDA:74,12,0,0
BRDA:75,13,0,0
BRDA:76,14,0,0
BRDA:77,15,0,0
BRDA:78,16,0,0
BRDA:79,17,0,0
BRDA:80,18,0,0
BRDA:81,19,0,0
BRDA:82,20,0,0
BRDA:83,21,0,0
BRDA:84,22,0,0
BRDA:85,23,0,0
BRDA:89,24,0,0
BRDA:89,25,0,0
BRDA:89,25,1,0
BRDA:95,26,0,0
BRDA:95,27,0,0
BRDA:95,27,1,0
BRDA:111,28,0,0
BRDA:111,28,1,0
BRDA:115,29,0,0
BRDA:123,30,0,0
BRDA:130,31,0,0
BRDA:137,32,0,0
BRDA:137,32,1,0
BRDA:138,33,0,0
BRDA:138,33,1,0
BRDA:146,34,0,0
BRDA:146,34,1,0
BRDA:154,35,0,0
BRDA:167,36,0,0
BRF:48
BRH:0
end_of_record
TN:
SF:app/api/auth/login/route.ts
FN:14,POST
FN:24,(anonymous_3)
FNF:2
FNH:0
FNDA:0,POST
FNDA:0,(anonymous_3)
DA:1,0
DA:2,0
DA:3,0
DA:4,0
DA:5,0
DA:6,0
DA:9,0
DA:14,0
DA:15,0
DA:17,0
DA:18,0
DA:20,0
DA:21,0
DA:24,0
DA:30,0
DA:33,0
DA:39,0
DA:41,0
DA:47,0
DA:50,0
DA:52,0
DA:53,0
DA:60,0
DA:76,0
DA:79,0
DA:92,0
DA:100,0
DA:103,0
DA:108,0
LF:29
LH:0
BRDA:20,0,0,0
BRDA:39,1,0,0
BRDA:52,2,0,0
BRDA:104,3,0,0
BRDA:104,3,1,0
BRF:5
BRH:0
end_of_record
TN:
SF:app/api/clients/[id]/route.ts
FN:6,GET
FN:17,(anonymous_4)
FN:21,(anonymous_5)
FN:24,(anonymous_6)
FN:67,PATCH
FN:78,(anonymous_8)
FN:82,(anonymous_9)
FN:85,(anonymous_10)
FNF:8
FNH:0
FNDA:0,GET
FNDA:0,(anonymous_4)
FNDA:0,(anonymous_5)
FNDA:0,(anonymous_6)
FNDA:0,PATCH
FNDA:0,(anonymous_8)
FNDA:0,(anonymous_9)
FNDA:0,(anonymous_10)
DA:1,0
DA:2,0
DA:3,0
DA:6,0
DA:10,0
DA:11,0
DA:12,0
DA:18,0
DA:19,0
DA:22,0
DA:25,0
DA:31,0
DA:34,0
DA:44,0
DA:45,0
DA:46,0
DA:51,0
DA:52,0
DA:57,0
DA:59,0
DA:60,0
DA:67,0
DA:71,0
DA:72,0
DA:73,0
DA:79,0
DA:80,0
DA:83,0
DA:86,0
DA:92,0
DA:93,0
DA:96,0
DA:102,0
DA:103,0
DA:104,0
DA:109,0
DA:110,0
DA:116,0
DA:117,0
DA:118,0
DA:120,0
DA:131,0
DA:132,0
DA:133,0
DA:139,0
DA:152,0
DA:153,0
DA:154,0
DA:159,0
DA:164,0
DA:165,0
DA:166,0
DA:168,0
DA:179,0
DA:180,0
DA:181,0
DA:187,0
DA:200,0
DA:201,0
DA:202,0
DA:207,0
DA:212,0
DA:220,0
DA:221,0
DA:224,0
DA:235,0
DA:236,0
DA:237,0
DA:242,0
DA:247,0
DA:248,0
LF:71
LH:0
BRDA:13,0,0,0
BRDA:13,0,1,0
BRDA:14,1,0,0
BRDA:14,1,1,0
BRDA:44,2,0,0
BRDA:51,3,0,0
BRDA:74,4,0,0
BRDA:74,4,1,0
BRDA:75,5,0,0
BRDA:75,5,1,0
BRDA:102,6,0,0
BRDA:109,7,0,0
BRDA:117,8,0,0
BRDA:118,9,0,0
BRDA:118,9,1,0
BRDA:131,10,0,0
BRDA:152,11,0,0
BRDA:165,12,0,0
BRDA:166,13,0,0
BRDA:166,13,1,0
BRDA:179,14,0,0
BRDA:200,15,0,0
BRDA:235,16,0,0
BRF:23
BRH:0
end_of_record
TN:
SF:app/api/leads/import/route.ts
FN:27,POST
FN:35,(anonymous_2)
FN:39,(anonymous_3)
FN:42,(anonymous_4)
FN:77,(anonymous_5)
FN:84,parseCSVLine
FN:106,(anonymous_7)
FN:111,(anonymous_8)
FN:141,processDriverData
FN:149,(anonymous_10)
FN:182,(anonymous_11)
FN:183,(anonymous_12)
FN:196,(anonymous_13)
FN:226,(anonymous_14)
FNF:14
FNH:0
FNDA:0,POST
FNDA:0,(anonymous_2)
FNDA:0,(anonymous_3)
FNDA:0,(anonymous_4)
FNDA:0,(anonymous_5)
FNDA:0,parseCSVLine
FNDA:0,(anonymous_7)
FNDA:0,(anonymous_8)
FNDA:0,processDriverData
FNDA:0,(anonymous_10)
FNDA:0,(anonymous_11)
FNDA:0,(anonymous_12)
FNDA:0,(anonymous_13)
FNDA:0,(anonymous_14)
DA:1,0
DA:2,0
DA:3,0
DA:27,0
DA:28,0
DA:29,0
DA:30,0
DA:36,0
DA:37,0
DA:40,0
DA:43,0
DA:49,0
DA:50,0
DA:51,0
DA:52,0
DA:53,0
DA:54,0
DA:56,0
DA:57,0
DA:60,0
DA:61,0
DA:64,0
DA:65,0
DA:68,0
DA:69,0
DA:70,0
DA:72,0
DA:76,0
DA:77,0
DA:79,0
DA:80,0
DA:85,0
DA:86,0
DA:87,0
DA:89,0
DA:90,0
DA:92,0
DA:93,0
DA:94,0
DA:95,0
DA:96,0
DA:98,0
DA:102,0
DA:103,0
DA:106,0
DA:107,0
DA:110,0
DA:111,0
DA:112,0
DA:113,0
DA:114,0
DA:119,0
DA:133,0
DA:134,0
DA:137,0
DA:138,0
DA:145,0
DA:146,0
DA:149,0
DA:150,0
DA:151,0
DA:154,0
DA:155,0
DA:156,0
DA:157,0
DA:159,0
DA:160,0
DA:164,0
DA:165,0
DA:168,0
DA:172,0
DA:173,0
DA:175,0
DA:181,0
DA:182,0
DA:183,0
DA:185,0
DA:189,0
DA:190,0
DA:193,0
DA:195,0
DA:196,0
DA:199,0
DA:201,0
DA:211,0
DA:212,0
DA:216,0
DA:217,0
DA:218,0
DA:222,0
DA:223,0
DA:226,0
DA:227,0
DA:228,0
DA:229,0
DA:230,0
DA:232,0
DA:238,0
DA:240,0
DA:243,0
DA:244,0
DA:251,0
DA:256,0
DA:257,0
DA:258,0
DA:264,0
DA:271,0
DA:272,0
LF:108
LH:0
BRDA:31,0,0,0
BRDA:31,0,1,0
BRDA:32,1,0,0
BRDA:32,1,1,0
BRDA:56,2,0,0
BRDA:60,3,0,0
BRDA:64,4,0,0
BRDA:64,5,0,0
BRDA:64,5,1,0
BRDA:79,6,0,0
BRDA:92,7,0,0
BRDA:92,7,1,0
BRDA:94,8,0,0
BRDA:94,8,1,0
BRDA:94,9,0,0
BRDA:94,9,1,0
BRDA:113,10,0,0
BRDA:113,11,0,0
BRDA:113,11,1,0
BRDA:113,11,2,0
BRDA:133,12,0,0
BRDA:133,13,0,0
BRDA:133,13,1,0
BRDA:133,13,2,0
BRDA:138,14,0,0
BRDA:138,14,1,0
BRDA:151,15,0,0
BRDA:155,16,0,0
BRDA:155,16,1,0
BRDA:159,17,0,0
BRDA:164,18,0,0
BRDA:164,18,1,0
BRDA:164,19,0,0
BRDA:164,19,1,0
BRDA:166,20,0,0
BRDA:166,20,1,0
BRDA:166,20,2,0
BRDA:172,21,0,0
BRDA:172,21,1,0
BRDA:172,22,0,0
BRDA:172,22,1,0
BRDA:173,23,0,0
BRDA:173,23,1,0
BRDA:173,23,2,0
BRDA:183,24,0,0
BRDA:183,24,1,0
BRDA:206,25,0,0
BRDA:206,25,1,0
BRDA:211,26,0,0
BRDA:216,27,0,0
BRDA:216,28,0,0
BRDA:216,28,1,0
BRDA:222,29,0,0
BRDA:223,30,0,0
BRDA:227,31,0,0
BRDA:229,32,0,0
BRDA:229,32,1,0
BRDA:243,33,0,0
BRDA:256,34,0,0
BRDA:267,35,0,0
BRDA:267,35,1,0
BRDA:274,36,0,0
BRDA:274,36,1,0
BRF:63
BRH:0
end_of_record
TN:
SF:app/api/pipelines/route.ts
FN:15,GET
FN:61,POST
FNF:2
FNH:0
FNDA:0,GET
FNDA:0,POST
DA:1,0
DA:2,0
DA:3,0
DA:4,0
DA:7,0
DA:15,0
DA:16,0
DA:18,0
DA:45,0
DA:46,0
DA:48,0
DA:53,0
DA:57,0
DA:61,0
DA:62,0
DA:64,0
DA:65,0
DA:67,0
DA:68,0
DA:75,0
DA:78,0
DA:81,0
DA:87,0
DA:88,0
DA:90,0
DA:95,0
DA:99,0
LF:27
LH:0
BRDA:49,0,0,0
BRDA:49,0,1,0
BRDA:67,1,0,0
BRDA:91,2,0,0
BRDA:91,2,1,0
BRF:5
BRH:0
end_of_record
TN:
SF:app/api/pipelines/[id]/route.ts
FN:4,GET
FN:55,PUT
FN:105,DELETE
FNF:3
FNH:0
FNDA:0,GET
FNDA:0,PUT
FNDA:0,DELETE
DA:1,0
DA:2,0
DA:4,0
DA:8,0
DA:9,0
DA:11,0
DA:38,0
DA:39,0
DA:45,0
DA:47,0
DA:48,0
DA:55,0
DA:59,0
DA:60,0
DA:61,0
DA:64,0
DA:65,0
DA:68,0
DA:88,0
DA:89,0
DA:95,0
DA:97,0
DA:98,0
DA:105,0
DA:109,0
DA:110,0
DA:113,0
DA:117,0
DA:118,0
DA:124,0
DA:125,0
DA:132,0
DA:136,0
DA:137,0
DA:138,0
DA:145,0
DA:147,0
DA:149,0
DA:150,0
LF:39
LH:0
BRDA:38,0,0,0
BRDA:64,1,0,0
BRDA:88,2,0,0
BRDA:117,3,0,0
BRDA:124,4,0,0
BRDA:137,5,0,0
BRF:6
BRH:0
end_of_record
TN:
SF:app/api/pipelines/default/route.ts
FN:4,GET
FNF:1
FNH:0
FNDA:0,GET
DA:1,0
DA:2,0
DA:4,0
DA:5,0
DA:6,0
DA:33,0
DA:34,0
DA:40,0
DA:42,0
DA:43,0
LF:10
LH:0
BRDA:33,0,0,0
BRF:1
BRH:0
end_of_record
TN:
SF:app/api/record-discount-redemption/route.ts
FN:4,POST
FNF:1
FNH:0
FNDA:0,POST
DA:1,0
DA:2,0
DA:4,0
DA:5,0
DA:6,0
DA:8,0
DA:9,0
DA:18,0
DA:24,0
DA:26,0
DA:27,0
DA:34,0
DA:42,0
DA:43,0
DA:44,0
DA:51,0
DA:54,0
DA:55,0
DA:59,0
DA:64,0
DA:65,0
LF:21
LH:0
BRDA:8,0,0,0
BRDA:19,1,0,0
BRDA:19,1,1,0
BRDA:20,2,0,0
BRDA:20,2,1,0
BRDA:26,3,0,0
BRDA:26,4,0,0
BRDA:26,4,1,0
BRDA:42,5,0,0
BRDA:54,6,0,0
BRF:10
BRH:0
end_of_record
TN:
SF:app/api/ringcentral/account-info/route.ts
FN:10,GET
FNF:1
FNH:0
FNDA:0,GET
DA:1,0
DA:2,0
DA:3,0
DA:4,0
DA:5,0
DA:10,0
DA:11,0
DA:12,0
DA:14,0
DA:15,0
DA:16,0
DA:18,0
DA:19,0
DA:20,0
DA:23,0
DA:24,0
DA:26,0
DA:27,0
DA:29,0
DA:34,0
DA:35,0
DA:36,0
DA:37,0
DA:38,0
LF:24
LH:0
BRDA:18,0,0,0
BRDA:18,1,0,0
BRDA:18,1,1,0
BRDA:39,2,0,0
BRDA:39,2,1,0
BRDA:40,3,0,0
BRDA:40,3,1,0
BRF:7
BRH:0
end_of_record
TN:
SF:app/api/ringcentral/auth/route.ts
FN:41,generateCodeVerifier
FN:48,generateCodeChallenge
FN:56,GET
FN:90,handleAuthorize
FN:166,(anonymous_6)
FN:189,setTokenCookies
FN:255,clearTokenCookies
FN:279,handleCheckAuth
FN:403,handleLogout
FN:434,handleGetToken
FN:513,handleTokenRefresh
FN:636,(anonymous_13)
FN:772,checkRateLimit
FN:848,clearStaleTokens
FN:860,handleTokenReset
FN:908,handleTokenCleanup
FNF:16
FNH:0
FNDA:0,generateCodeVerifier
FNDA:0,generateCodeChallenge
FNDA:0,GET
FNDA:0,handleAuthorize
FNDA:0,(anonymous_6)
FNDA:0,setTokenCookies
FNDA:0,clearTokenCookies
FNDA:0,handleCheckAuth
FNDA:0,handleLogout
FNDA:0,handleGetToken
FNDA:0,handleTokenRefresh
FNDA:0,(anonymous_13)
FNDA:0,checkRateLimit
FNDA:0,clearStaleTokens
FNDA:0,handleTokenReset
FNDA:0,handleTokenCleanup
DA:1,0
DA:2,0
DA:3,0
DA:4,0
DA:11,0
DA:12,0
DA:19,0
DA:20,0
DA:21,0
DA:22,0
DA:23,0
DA:36,0
DA:42,0
DA:49,0
DA:50,0
DA:56,0
DA:57,0
DA:58,0
DA:62,0
DA:64,0
DA:66,0
DA:68,0
DA:70,0
DA:72,0
DA:74,0
DA:76,0
DA:78,0
DA:80,0
DA:82,0
DA:83,0
DA:91,0
DA:92,0
DA:93,0
DA:94,0
DA:95,0
DA:97,0
DA:98,0
DA:99,0
DA:100,0
DA:103,0
DA:104,0
DA:105,0
DA:106,0
DA:107,0
DA:108,0
DA:109,0
DA:112,0
DA:113,0
DA:114,0
DA:115,0
DA:116,0
DA:118,0
DA:122,0
DA:133,0
DA:134,0
DA:142,0
DA:151,0
DA:152,0
DA:153,0
DA:154,0
DA:155,0
DA:156,0
DA:157,0
DA:158,0
DA:159,0
DA:160,0
DA:161,0
DA:162,0
DA:164,0
DA:166,0
DA:167,0
DA:169,0
DA:172,0
DA:173,0
DA:174,0
DA:175,0
DA:198,0
DA:199,0
DA:200,0
DA:201,0
DA:203,0
DA:211,0
DA:225,0
DA:229,0
DA:233,0
DA:237,0
DA:242,0
DA:246,0
DA:247,0
DA:252,0
DA:256,0
DA:257,0
DA:258,0
DA:265,0
DA:266,0
DA:267,0
DA:268,0
DA:269,0
DA:270,0
DA:271,0
DA:272,0
DA:273,0
DA:280,0
DA:281,0
DA:282,0
DA:283,0
DA:284,0
DA:285,0
DA:286,0
DA:287,0
DA:289,0
DA:290,0
DA:291,0
DA:292,0
DA:298,0
DA:299,0
DA:300,0
DA:301,0
DA:302,0
DA:303,0
DA:304,0
DA:306,0
DA:317,0
DA:319,0
DA:321,0
DA:322,0
DA:323,0
DA:332,0
DA:333,0
DA:334,0
DA:335,0
DA:336,0
DA:338,0
DA:341,0
DA:344,0
DA:347,0
DA:351,0
DA:352,0
DA:354,0
DA:359,0
DA:360,0
DA:361,0
DA:362,0
DA:363,0
DA:368,0
DA:369,0
DA:370,0
DA:371,0
DA:372,0
DA:373,0
DA:374,0
DA:376,0
DA:379,0
DA:382,0
DA:385,0
DA:386,0
DA:387,0
DA:388,0
DA:389,0
DA:392,0
DA:393,0
DA:394,0
DA:395,0
DA:396,0
DA:404,0
DA:405,0
DA:406,0
DA:407,0
DA:409,0
DA:410,0
DA:412,0
DA:413,0
DA:414,0
DA:418,0
DA:419,0
DA:421,0
DA:424,0
DA:426,0
DA:427,0
DA:435,0
DA:436,0
DA:438,0
DA:439,0
DA:440,0
DA:441,0
DA:442,0
DA:444,0
DA:452,0
DA:453,0
DA:454,0
DA:458,0
DA:459,0
DA:460,0
DA:461,0
DA:462,0
DA:468,0
DA:469,0
DA:470,0
DA:471,0
DA:472,0
DA:475,0
DA:477,0
DA:479,0
DA:480,0
DA:483,0
DA:490,0
DA:493,0
DA:496,0
DA:499,0
DA:500,0
DA:503,0
DA:504,0
DA:514,0
DA:515,0
DA:516,0
DA:517,0
DA:518,0
DA:519,0
DA:521,0
DA:523,0
DA:524,0
DA:525,0
DA:526,0
DA:527,0
DA:528,0
DA:530,0
DA:533,0
DA:534,0
DA:535,0
DA:536,0
DA:537,0
DA:538,0
DA:540,0
DA:543,0
DA:545,0
DA:546,0
DA:547,0
DA:548,0
DA:549,0
DA:561,0
DA:562,0
DA:563,0
DA:569,0
DA:578,0
DA:580,0
DA:581,0
DA:583,0
DA:584,0
DA:585,0
DA:586,0
DA:588,0
DA:591,0
DA:593,0
DA:594,0
DA:597,0
DA:598,0
DA:601,0
DA:602,0
DA:609,0
DA:610,0
DA:611,0
DA:613,0
DA:626,0
DA:627,0
DA:628,0
DA:629,0
DA:630,0
DA:634,0
DA:636,0
DA:638,0
DA:639,0
DA:641,0
DA:653,0
DA:654,0
DA:664,0
DA:670,0
DA:671,0
DA:672,0
DA:673,0
DA:675,0
DA:677,0
DA:679,0
DA:680,0
DA:689,0
DA:697,0
DA:703,0
DA:704,0
DA:708,0
DA:710,0
DA:711,0
DA:720,0
DA:721,0
DA:727,0
DA:729,0
DA:730,0
DA:732,0
DA:735,0
DA:741,0
DA:742,0
DA:743,0
DA:744,0
DA:745,0
DA:746,0
DA:749,0
DA:753,0
DA:754,0
DA:757,0
DA:758,0
DA:759,0
DA:760,0
DA:761,0
DA:763,0
DA:773,0
DA:774,0
DA:777,0
DA:778,0
DA:789,0
DA:792,0
DA:793,0
DA:800,0
DA:801,0
DA:802,0
DA:803,0
DA:808,0
DA:809,0
DA:810,0
DA:814,0
DA:817,0
DA:818,0
DA:819,0
DA:820,0
DA:821,0
DA:824,0
DA:825,0
DA:826,0
DA:828,0
DA:830,0
DA:832,0
DA:839,0
DA:840,0
DA:842,0
DA:845,0
DA:849,0
DA:852,0
DA:861,0
DA:862,0
DA:864,0
DA:865,0
DA:866,0
DA:868,0
DA:870,0
DA:871,0
DA:874,0
DA:875,0
DA:880,0
DA:881,0
DA:883,0
DA:887,0
DA:888,0
DA:889,0
DA:893,0
DA:894,0
DA:897,0
DA:898,0
DA:909,0
DA:910,0
DA:912,0
DA:913,0
DA:915,0
DA:916,0
DA:918,0
DA:920,0
DA:927,0
DA:928,0
DA:930,0
DA:931,0
DA:935,0
DA:936,0
DA:937,0
DA:942,0
DA:943,0
DA:945,0
DA:946,0
DA:947,0
DA:948,0
DA:952,0
DA:954,0
DA:963,0
DA:964,0
LF:389
LH:0
BRDA:66,0,0,0
BRDA:66,0,1,0
BRDA:66,0,2,0
BRDA:66,0,3,0
BRDA:66,0,4,0
BRDA:66,0,5,0
BRDA:66,0,6,0
BRDA:66,0,7,0
BRDA:97,1,0,0
BRDA:175,2,0,0
BRDA:175,2,1,0
BRDA:195,3,0,0
BRDA:199,4,0,0
BRDA:199,4,1,0
BRDA:246,5,0,0
BRDA:262,6,0,0
BRDA:262,6,1,0
BRDA:290,7,0,0
BRDA:290,7,1,0
BRDA:298,8,0,0
BRDA:298,8,1,0
BRDA:300,9,0,0
BRDA:300,9,1,0
BRDA:303,10,0,0
BRDA:303,10,1,0
BRDA:304,11,0,0
BRDA:304,11,1,0
BRDA:311,12,0,0
BRDA:311,12,1,0
BRDA:317,13,0,0
BRDA:317,13,1,0
BRDA:317,14,0,0
BRDA:317,14,1,0
BRDA:317,14,2,0
BRDA:317,14,3,0
BRDA:319,15,0,0
BRDA:319,15,1,0
BRDA:321,16,0,0
BRDA:321,16,1,0
BRDA:328,17,0,0
BRDA:328,17,1,0
BRDA:329,18,0,0
BRDA:329,18,1,0
BRDA:330,19,0,0
BRDA:330,19,1,0
BRDA:359,20,0,0
BRDA:359,20,1,0
BRDA:359,21,0,0
BRDA:359,21,1,0
BRDA:361,22,0,0
BRDA:361,22,1,0
BRDA:368,23,0,0
BRDA:368,23,1,0
BRDA:393,24,0,0
BRDA:393,24,1,0
BRDA:412,25,0,0
BRDA:412,25,1,0
BRDA:418,26,0,0
BRDA:418,26,1,0
BRDA:441,27,0,0
BRDA:441,27,1,0
BRDA:448,28,0,0
BRDA:448,28,1,0
BRDA:452,29,0,0
BRDA:452,29,1,0
BRDA:452,30,0,0
BRDA:452,30,1,0
BRDA:452,30,2,0
BRDA:461,31,0,0
BRDA:468,32,0,0
BRDA:468,32,1,0
BRDA:470,33,0,0
BRDA:470,33,1,0
BRDA:470,34,0,0
BRDA:470,34,1,0
BRDA:470,34,2,0
BRDA:472,35,0,0
BRDA:472,35,1,0
BRDA:475,36,0,0
BRDA:475,36,1,0
BRDA:477,37,0,0
BRDA:477,37,1,0
BRDA:479,38,0,0
BRDA:479,38,1,0
BRDA:504,39,0,0
BRDA:504,39,1,0
BRDA:523,40,0,0
BRDA:526,41,0,0
BRDA:533,42,0,0
BRDA:533,43,0,0
BRDA:533,43,1,0
BRDA:536,44,0,0
BRDA:545,45,0,0
BRDA:547,46,0,0
BRDA:585,47,0,0
BRDA:593,48,0,0
BRDA:597,49,0,0
BRDA:597,50,0,0
BRDA:597,50,1,0
BRDA:601,51,0,0
BRDA:602,52,0,0
BRDA:602,52,1,0
BRDA:626,53,0,0
BRDA:626,54,0,0
BRDA:626,54,1,0
BRDA:628,55,0,0
BRDA:634,56,0,0
BRDA:634,56,1,0
BRDA:634,56,2,0
BRDA:634,56,3,0
BRDA:638,57,0,0
BRDA:653,58,0,0
BRDA:653,58,1,0
BRDA:656,59,0,0
BRDA:656,59,1,0
BRDA:656,59,2,0
BRDA:679,60,0,0
BRDA:703,61,0,0
BRDA:703,62,0,0
BRDA:703,62,1,0
BRDA:708,63,0,0
BRDA:708,63,1,0
BRDA:729,64,0,0
BRDA:729,64,1,0
BRDA:741,65,0,0
BRDA:741,65,1,0
BRDA:743,66,0,0
BRDA:743,66,1,0
BRDA:745,67,0,0
BRDA:759,68,0,0
BRDA:763,69,0,0
BRDA:763,69,1,0
BRDA:774,70,0,0
BRDA:774,70,1,0
BRDA:777,71,0,0
BRDA:792,72,0,0
BRDA:792,73,0,0
BRDA:792,73,1,0
BRDA:800,74,0,0
BRDA:800,75,0,0
BRDA:800,75,1,0
BRDA:808,76,0,0
BRDA:817,77,0,0
BRDA:839,78,0,0
BRDA:852,79,0,0
BRDA:852,80,0,0
BRDA:852,80,1,0
BRDA:874,81,0,0
BRDA:880,82,0,0
BRDA:880,82,1,0
BRDA:887,83,0,0
BRDA:899,84,0,0
BRDA:899,84,1,0
BRDA:918,85,0,0
BRDA:927,86,0,0
BRDA:927,86,1,0
BRDA:930,87,0,0
BRDA:930,87,1,0
BRDA:935,88,0,0
BRDA:946,89,0,0
BRDA:946,90,0,0
BRDA:946,90,1,0
BRDA:959,91,0,0
BRDA:959,91,1,0
BRDA:959,92,0,0
BRDA:959,92,1,0
BRDA:965,93,0,0
BRDA:965,93,1,0
BRF:168
BRH:0
end_of_record
TN:
SF:app/api/ringcentral/auth/exchange-code/route.ts
FN:15,GET
FN:25,(anonymous_2)
FNF:2
FNH:0
FNDA:0,GET
FNDA:0,(anonymous_2)
DA:1,0
DA:2,0
DA:3,0
DA:9,0
DA:10,0
DA:15,0
DA:16,0
DA:17,0
DA:18,0
DA:19,0
DA:21,0
DA:24,0
DA:25,0
DA:26,0
DA:30,0
DA:31,0
DA:33,0
DA:34,0
DA:35,0
DA:36,0
DA:38,0
DA:39,0
DA:42,0
DA:43,0
DA:44,0
DA:45,0
DA:48,0
DA:50,0
DA:51,0
DA:54,0
DA:55,0
DA:56,0
DA:57,0
DA:58,0
DA:59,0
DA:62,0
DA:63,0
DA:64,0
DA:65,0
DA:68,0
DA:69,0
DA:72,0
DA:73,0
DA:74,0
DA:75,0
DA:79,0
DA:82,0
DA:89,0
DA:92,0
DA:101,0
DA:102,0
DA:103,0
DA:104,0
DA:105,0
DA:111,0
DA:112,0
DA:113,0
DA:122,0
DA:124,0
DA:131,0
DA:138,0
DA:139,0
DA:147,0
DA:148,0
DA:151,0
DA:153,0
DA:154,0
DA:156,0
DA:159,0
DA:160,0
DA:162,0
DA:166,0
DA:167,0
DA:168,0
DA:172,0
DA:175,0
DA:187,0
DA:188,0
DA:189,0
DA:191,0
DA:203,0
DA:210,0
DA:211,0
DA:212,0
DA:215,0
DA:216,0
DA:217,0
DA:226,0
DA:228,0
DA:234,0
DA:235,0
DA:236,0
DA:237,0
DA:239,0
DA:250,0
DA:251,0
DA:256,0
DA:257,0
DA:258,0
DA:259,0
LF:100
LH:0
BRDA:26,0,0,0
BRDA:26,0,1,0
BRDA:38,1,0,0
BRDA:42,2,0,0
BRDA:54,3,0,0
BRDA:62,4,0,0
BRDA:75,5,0,0
BRDA:75,5,1,0
BRDA:101,6,0,0
BRDA:153,7,0,0
BRDA:159,8,0,0
BRDA:166,9,0,0
BRDA:189,10,0,0
BRDA:189,10,1,0
BRDA:210,11,0,0
BRDA:210,11,1,0
BRDA:216,12,0,0
BRDA:216,12,1,0
BRDA:216,13,0,0
BRDA:216,13,1,0
BRDA:234,14,0,0
BRDA:234,14,1,0
BRDA:236,15,0,0
BRDA:236,15,1,0
BRDA:259,16,0,0
BRDA:259,16,1,0
BRF:26
BRH:0
end_of_record
TN:
SF:app/api/ringcentral/auth/token/route.ts
FN:9,GET
FNF:1
FNH:0
FNDA:0,GET
DA:1,0
DA:2,0
DA:3,0
DA:9,0
DA:10,0
DA:12,0
DA:13,0
DA:14,0
DA:16,0
DA:17,0
DA:24,0
DA:25,0
DA:31,0
DA:36,0
DA:37,0
DA:38,0
DA:39,0
LF:17
LH:0
BRDA:16,0,0,0
BRDA:24,1,0,0
BRDA:24,2,0,0
BRDA:24,2,1,0
BRDA:39,3,0,0
BRDA:39,3,1,0
BRF:6
BRH:0
end_of_record
TN:
SF:app/api/ringcentral/call/route.ts
FN:14,POST
FNF:1
FNH:0
FNDA:0,POST
DA:1,0
DA:2,0
DA:7,0
DA:8,0
DA:9,0
DA:14,0
DA:15,0
DA:16,0
DA:17,0
DA:22,0
DA:23,0
DA:25,0
DA:26,0
DA:29,0
DA:30,0
DA:32,0
DA:33,0
DA:34,0
DA:38,0
DA:44,0
DA:45,0
DA:51,0
DA:54,0
DA:55,0
DA:57,0
DA:61,0
DA:62,0
DA:65,0
DA:66,0
DA:68,0
DA:75,0
DA:76,0
DA:77,0
DA:78,0
DA:79,0
LF:35
LH:0
BRDA:25,0,0,0
BRDA:32,1,0,0
BRDA:32,1,1,0
BRDA:33,2,0,0
BRDA:44,3,0,0
BRDA:80,4,0,0
BRDA:80,4,1,0
BRDA:81,5,0,0
BRDA:81,5,1,0
BRF:9
BRH:0
end_of_record
TN:
SF:app/api/ringcentral/call-status/route.ts
FN:22,handleCallStatus
FN:89,(anonymous_4)
FN:90,(anonymous_5)
FN:163,(anonymous_6)
FN:188,(anonymous_7)
FN:196,(anonymous_8)
FN:206,(anonymous_9)
FN:308,GET
FN:322,POST
FNF:9
FNH:0
FNDA:0,handleCallStatus
FNDA:0,(anonymous_4)
FNDA:0,(anonymous_5)
FNDA:0,(anonymous_6)
FNDA:0,(anonymous_7)
FNDA:0,(anonymous_8)
FNDA:0,(anonymous_9)
FNDA:0,GET
FNDA:0,POST
DA:1,0
DA:2,0
DA:3,0
DA:8,0
DA:9,0
DA:14,0
DA:23,0
DA:24,0
DA:25,0
DA:26,0
DA:28,0
DA:29,0
DA:30,0
DA:31,0
DA:34,0
DA:35,0
DA:36,0
DA:39,0
DA:40,0
DA:41,0
DA:43,0
DA:45,0
DA:46,0
DA:47,0
DA:49,0
DA:50,0
DA:52,0
DA:53,0
DA:61,0
DA:62,0
DA:63,0
DA:67,0
DA:68,0
DA:69,0
DA:72,0
DA:73,0
DA:74,0
DA:75,0
DA:76,0
DA:77,0
DA:78,0
DA:79,0
DA:81,0
DA:84,0
DA:85,0
DA:87,0
DA:89,0
DA:90,0
DA:94,0
DA:99,0
DA:100,0
DA:102,0
DA:103,0
DA:118,0
DA:119,0
DA:122,0
DA:123,0
DA:124,0
DA:125,0
DA:134,0
DA:139,0
DA:140,0
DA:143,0
DA:155,0
DA:157,0
DA:158,0
DA:159,0
DA:162,0
DA:163,0
DA:166,0
DA:167,0
DA:168,0
DA:169,0
DA:171,0
DA:172,0
DA:173,0
DA:183,0
DA:184,0
DA:185,0
DA:188,0
DA:191,0
DA:192,0
DA:196,0
DA:202,0
DA:203,0
DA:204,0
DA:206,0
DA:207,0
DA:210,0
DA:211,0
DA:212,0
DA:215,0
DA:223,0
DA:224,0
DA:225,0
DA:227,0
DA:228,0
DA:231,0
DA:232,0
DA:240,0
DA:241,0
DA:245,0
DA:253,0
DA:256,0
DA:257,0
DA:259,0
DA:260,0
DA:261,0
DA:262,0
DA:263,0
DA:276,0
DA:278,0
DA:279,0
DA:280,0
DA:281,0
DA:296,0
DA:297,0
DA:298,0
DA:299,0
DA:308,0
DA:309,0
DA:310,0
DA:311,0
DA:312,0
DA:313,0
DA:315,0
DA:316,0
DA:319,0
DA:322,0
DA:323,0
DA:327,0
DA:328,0
DA:330,0
DA:333,0
LF:134
LH:0
BRDA:22,0,0,0
BRDA:29,1,0,0
BRDA:29,2,0,0
BRDA:29,2,1,0
BRDA:45,3,0,0
BRDA:49,4,0,0
BRDA:49,4,1,0
BRDA:61,5,0,0
BRDA:61,6,0,0
BRDA:61,6,1,0
BRDA:72,7,0,0
BRDA:72,7,1,0
BRDA:76,8,0,0
BRDA:76,8,1,0
BRDA:108,9,0,0
BRDA:108,9,1,0
BRDA:122,10,0,0
BRDA:122,11,0,0
BRDA:122,11,1,0
BRDA:134,12,0,0
BRDA:134,13,0,0
BRDA:134,13,1,0
BRDA:134,13,2,0
BRDA:134,13,3,0
BRDA:155,14,0,0
BRDA:155,15,0,0
BRDA:155,15,1,0
BRDA:157,16,0,0
BRDA:157,17,0,0
BRDA:157,17,1,0
BRDA:157,17,2,0
BRDA:166,18,0,0
BRDA:166,18,1,0
BRDA:183,19,0,0
BRDA:183,20,0,0
BRDA:183,20,1,0
BRDA:202,21,0,0
BRDA:202,21,1,0
BRDA:210,22,0,0
BRDA:234,23,0,0
BRDA:234,23,1,0
BRDA:259,24,0,0
BRDA:259,24,1,0
BRDA:268,25,0,0
BRDA:268,25,1,0
BRDA:276,26,0,0
BRDA:276,26,1,0
BRDA:287,27,0,0
BRDA:287,27,1,0
BRDA:298,28,0,0
BRDA:298,28,1,0
BRDA:298,29,0,0
BRDA:298,29,1,0
BRDA:300,30,0,0
BRDA:300,30,1,0
BRDA:302,31,0,0
BRDA:302,31,1,0
BRDA:311,32,0,0
BRDA:311,32,1,0
BRDA:312,33,0,0
BRDA:312,33,1,0
BRDA:315,34,0,0
BRDA:315,35,0,0
BRDA:315,35,1,0
BRF:64
BRH:0
end_of_record
TN:
SF:app/api/ringcentral/client-info/route.ts
FN:17,GET
FNF:1
FNH:0
FNDA:0,GET
DA:1,0
DA:2,0
DA:3,0
DA:4,0
DA:5,0
DA:12,0
DA:17,0
DA:18,0
DA:19,0
DA:21,0
DA:23,0
DA:24,0
DA:25,0
DA:27,0
DA:28,0
DA:29,0
DA:30,0
DA:33,0
DA:36,0
DA:37,0
DA:50,0
DA:51,0
DA:52,0
DA:53,0
DA:55,0
DA:56,0
DA:57,0
DA:59,0
DA:61,0
DA:62,0
DA:63,0
DA:65,0
DA:66,0
DA:69,0
DA:70,0
DA:73,0
DA:77,0
DA:78,0
DA:79,0
DA:80,0
DA:81,0
DA:82,0
DA:85,0
DA:86,0
DA:88,0
DA:97,0
DA:99,0
DA:100,0
DA:108,0
DA:109,0
DA:112,0
DA:113,0
DA:115,0
DA:116,0
DA:121,0
DA:122,0
DA:123,0
DA:124,0
DA:130,0
DA:131,0
DA:132,0
DA:133,0
DA:137,0
DA:138,0
DA:141,0
DA:142,0
DA:144,0
DA:149,0
DA:150,0
DA:153,0
DA:154,0
DA:155,0
DA:157,0
DA:162,0
DA:163,0
DA:164,0
DA:165,0
DA:169,0
DA:170,0
DA:173,0
DA:180,0
DA:181,0
DA:182,0
DA:185,0
DA:190,0
DA:191,0
LF:86
LH:0
BRDA:27,0,0,0
BRDA:50,1,0,0
BRDA:56,2,0,0
BRDA:56,3,0,0
BRDA:56,3,1,0
BRDA:65,4,0,0
BRDA:65,5,0,0
BRDA:65,5,1,0
BRDA:69,6,0,0
BRDA:69,7,0,0
BRDA:69,7,1,0
BRDA:77,8,0,0
BRDA:77,8,1,0
BRDA:79,9,0,0
BRDA:79,9,1,0
BRDA:81,10,0,0
BRDA:108,11,0,0
BRDA:108,12,0,0
BRDA:108,12,1,0
BRDA:115,13,0,0
BRDA:121,14,0,0
BRDA:131,15,0,0
BRDA:131,16,0,0
BRDA:131,16,1,0
BRDA:137,17,0,0
BRDA:137,18,0,0
BRDA:137,18,1,0
BRDA:149,19,0,0
BRDA:149,20,0,0
BRDA:149,20,1,0
BRDA:149,20,2,0
BRDA:153,21,0,0
BRDA:162,22,0,0
BRDA:192,23,0,0
BRDA:192,23,1,0
BRDA:193,24,0,0
BRDA:193,24,1,0
BRF:37
BRH:0
end_of_record
TN:
SF:app/api/ringcentral/debug/route.ts
FN:15,GET
FN:48,(anonymous_2)
FN:57,(anonymous_3)
FN:65,(anonymous_4)
FN:70,(anonymous_5)
FNF:5
FNH:0
FNDA:0,GET
FNDA:0,(anonymous_2)
FNDA:0,(anonymous_3)
FNDA:0,(anonymous_4)
FNDA:0,(anonymous_5)
DA:1,0
DA:8,0
DA:9,0
DA:15,0
DA:16,0
DA:17,0
DA:19,0
DA:21,0
DA:22,0
DA:23,0
DA:24,0
DA:25,0
DA:26,0
DA:29,0
DA:37,0
DA:48,0
DA:57,0
DA:65,0
DA:70,0
DA:74,0
DA:75,0
DA:77,0
DA:79,0
DA:80,0
DA:81,0
DA:83,0
LF:26
LH:0
BRDA:23,0,0,0
BRDA:23,0,1,0
BRDA:45,1,0,0
BRDA:45,1,1,0
BRDA:47,2,0,0
BRDA:47,2,1,0
BRDA:50,3,0,0
BRDA:50,3,1,0
BRDA:56,4,0,0
BRDA:56,4,1,0
BRDA:59,5,0,0
BRDA:59,5,1,0
BRDA:64,6,0,0
BRDA:64,6,1,0
BRDA:69,7,0,0
BRDA:69,7,1,0
BRDA:84,8,0,0
BRDA:84,8,1,0
BRDA:85,9,0,0
BRDA:85,9,1,0
BRF:20
BRH:0
end_of_record
TN:
SF:app/api/ringcentral/diagnostics/route.ts
FN:13,GET
FN:222,validatePhoneNumber
FNF:2
FNH:0
FNDA:0,GET
FNDA:0,validatePhoneNumber
DA:1,0
DA:2,0
DA:4,0
DA:5,0
DA:13,0
DA:14,0
DA:15,0
DA:17,0
DA:19,0
DA:44,0
DA:54,0
DA:55,0
DA:56,0
DA:59,0
DA:61,0
DA:62,0
DA:63,0
DA:73,0
DA:108,0
DA:109,0
DA:112,0
DA:115,0
DA:117,0
DA:118,0
DA:128,0
DA:129,0
DA:139,0
DA:140,0
DA:147,0
DA:150,0
DA:152,0
DA:153,0
DA:158,0
DA:159,0
DA:166,0
DA:167,0
DA:175,0
DA:176,0
DA:179,0
DA:206,0
DA:207,0
DA:208,0
DA:210,0
DA:223,0
DA:227,0
LF:45
LH:0
BRDA:24,0,0,0
BRDA:24,0,1,0
BRDA:25,1,0,0
BRDA:25,1,1,0
BRDA:26,2,0,0
BRDA:26,2,1,0
BRDA:28,3,0,0
BRDA:28,3,1,0
BRDA:39,4,0,0
BRDA:39,4,1,0
BRDA:47,5,0,0
BRDA:47,5,1,0
BRDA:48,6,0,0
BRDA:48,6,1,0
BRDA:49,7,0,0
BRDA:49,7,1,0
BRDA:50,8,0,0
BRDA:50,8,1,0
BRDA:61,9,0,0
BRDA:77,10,0,0
BRDA:77,10,1,0
BRDA:88,11,0,0
BRDA:88,11,1,0
BRDA:91,12,0,0
BRDA:91,12,1,0
BRDA:92,13,0,0
BRDA:92,13,1,0
BRDA:92,13,2,0
BRDA:94,14,0,0
BRDA:94,14,1,0
BRDA:94,14,2,0
BRDA:104,15,0,0
BRDA:104,15,1,0
BRDA:117,16,0,0
BRDA:128,17,0,0
BRDA:139,18,0,0
BRDA:139,19,0,0
BRDA:139,19,1,0
BRDA:152,20,0,0
BRDA:152,20,1,0
BRDA:158,21,0,0
BRDA:166,22,0,0
BRDA:186,23,0,0
BRDA:186,23,1,0
BRDA:189,24,0,0
BRDA:189,24,1,0
BRDA:192,25,0,0
BRDA:192,25,1,0
BRDA:202,26,0,0
BRDA:202,26,1,0
BRDA:213,27,0,0
BRDA:213,27,1,0
BRDA:223,28,0,0
BRF:53
BRH:0
end_of_record
TN:
SF:app/api/ringcentral/end-call/route.ts
FN:10,POST
FN:38,handleEndCall
FN:102,(anonymous_3)
FN:110,(anonymous_4)
FN:130,(anonymous_5)
FNF:5
FNH:0
FNDA:0,POST
FNDA:0,handleEndCall
FNDA:0,(anonymous_3)
FNDA:0,(anonymous_4)
FNDA:0,(anonymous_5)
DA:1,0
DA:2,0
DA:3,0
DA:5,0
DA:10,0
DA:11,0
DA:12,0
DA:16,0
DA:17,0
DA:19,0
DA:20,0
DA:23,0
DA:24,0
DA:25,0
DA:29,0
DA:39,0
DA:40,0
DA:42,0
DA:43,0
DA:44,0
DA:47,0
DA:48,0
DA:49,0
DA:52,0
DA:53,0
DA:54,0
DA:56,0
DA:58,0
DA:59,0
DA:60,0
DA:62,0
DA:63,0
DA:65,0
DA:66,0
DA:74,0
DA:75,0
DA:76,0
DA:79,0
DA:80,0
DA:83,0
DA:84,0
DA:86,0
DA:88,0
DA:89,0
DA:90,0
DA:91,0
DA:93,0
DA:94,0
DA:96,0
DA:97,0
DA:98,0
DA:99,0
DA:102,0
DA:105,0
DA:106,0
DA:110,0
DA:116,0
DA:117,0
DA:118,0
DA:119,0
DA:122,0
DA:123,0
DA:126,0
DA:127,0
DA:128,0
DA:130,0
DA:131,0
DA:133,0
DA:134,0
DA:137,0
DA:138,0
DA:139,0
DA:148,0
DA:156,0
DA:157,0
DA:163,0
DA:172,0
DA:175,0
DA:180,0
DA:181,0
DA:189,0
DA:190,0
DA:191,0
DA:192,0
LF:84
LH:0
BRDA:23,0,0,0
BRDA:38,1,0,0
BRDA:58,2,0,0
BRDA:62,3,0,0
BRDA:62,3,1,0
BRDA:74,4,0,0
BRDA:74,5,0,0
BRDA:74,5,1,0
BRDA:96,6,0,0
BRDA:96,7,0,0
BRDA:96,7,1,0
BRDA:97,8,0,0
BRDA:97,9,0,0
BRDA:97,9,1,0
BRDA:118,10,0,0
BRDA:126,11,0,0
BRDA:126,11,1,0
BRDA:137,12,0,0
BRDA:137,13,0,0
BRDA:137,13,1,0
BRDA:150,14,0,0
BRDA:150,14,1,0
BRDA:190,15,0,0
BRDA:190,15,1,0
BRDA:195,16,0,0
BRDA:195,16,1,0
BRF:26
BRH:0
end_of_record
TN:
SF:app/api/ringcentral/env-check/route.ts
FN:11,GET
FNF:1
FNH:0
FNDA:0,GET
DA:1,0
DA:9,0
DA:11,0
DA:12,0
DA:14,0
LF:5
LH:0
BRDA:17,0,0,0
BRDA:17,0,1,0
BRDA:18,1,0,0
BRDA:18,1,1,0
BRF:4
BRH:0
end_of_record
TN:
SF:app/api/ringcentral/extension-info/route.ts
FN:10,GET
FNF:1
FNH:0
FNDA:0,GET
DA:1,0
DA:2,0
DA:3,0
DA:4,0
DA:5,0
DA:10,0
DA:11,0
DA:12,0
DA:14,0
DA:15,0
DA:16,0
DA:18,0
DA:19,0
DA:21,0
DA:22,0
DA:24,0
DA:29,0
DA:30,0
DA:31,0
DA:32,0
DA:33,0
LF:21
LH:0
BRDA:34,0,0,0
BRDA:34,0,1,0
BRDA:35,1,0,0
BRDA:35,1,1,0
BRF:4
BRH:0
end_of_record
TN:
SF:app/api/ringcentral/permissions/route.ts
FN:9,GET
FNF:1
FNH:0
FNDA:0,GET
DA:1,0
DA:2,0
DA:3,0
DA:4,0
DA:9,0
DA:10,0
DA:11,0
DA:13,0
DA:14,0
DA:15,0
DA:18,0
DA:20,0
DA:21,0
DA:22,0
DA:25,0
DA:26,0
DA:28,0
DA:29,0
DA:30,0
DA:32,0
DA:33,0
DA:34,0
DA:35,0
DA:39,0
DA:44,0
DA:45,0
DA:47,0
DA:52,0
DA:53,0
DA:54,0
DA:55,0
DA:57,0
DA:58,0
DA:60,0
LF:34
LH:0
BRDA:20,0,0,0
BRDA:30,1,0,0
BRDA:34,2,0,0
BRDA:57,3,0,0
BRDA:57,4,0,0
BRDA:57,4,1,0
BRDA:61,5,0,0
BRDA:61,5,1,0
BRDA:62,6,0,0
BRDA:62,6,1,0
BRF:10
BRH:0
end_of_record
TN:
SF:app/api/ringcentral/phone-numbers/route.ts
FN:10,GET
FNF:1
FNH:0
FNDA:0,GET
DA:1,0
DA:2,0
DA:3,0
DA:4,0
DA:5,0
DA:10,0
DA:11,0
DA:12,0
DA:14,0
DA:15,0
DA:16,0
DA:25,0
DA:26,0
DA:28,0
DA:29,0
DA:31,0
DA:36,0
DA:37,0
DA:38,0
DA:39,0
DA:40,0
LF:21
LH:0
BRDA:33,0,0,0
BRDA:33,0,1,0
BRDA:41,1,0,0
BRDA:41,1,1,0
BRDA:42,2,0,0
BRDA:42,2,1,0
BRF:6
BRH:0
end_of_record
TN:
SF:app/api/ringcentral/ping/route.ts
FN:11,GET
FNF:1
FNH:0
FNDA:0,GET
DA:1,0
DA:2,0
DA:3,0
DA:4,0
DA:11,0
DA:12,0
DA:13,0
DA:15,0
DA:17,0
DA:18,0
DA:19,0
DA:21,0
DA:22,0
DA:25,0
DA:32,0
DA:34,0
DA:35,0
DA:36,0
DA:37,0
DA:39,0
DA:40,0
DA:41,0
DA:50,0
DA:51,0
DA:59,0
DA:61,0
DA:62,0
DA:63,0
DA:64,0
DA:66,0
DA:67,0
DA:68,0
DA:75,0
DA:76,0
DA:78,0
LF:35
LH:0
BRDA:21,0,0,0
BRDA:34,1,0,0
BRDA:34,1,1,0
BRDA:61,2,0,0
BRDA:61,2,1,0
BRDA:80,3,0,0
BRDA:80,3,1,0
BRDA:81,4,0,0
BRDA:81,4,1,0
BRDA:82,5,0,0
BRDA:82,5,1,0
BRF:11
BRH:0
end_of_record
TN:
SF:app/api/ringcentral/sip-provision/route.ts
FN:10,GET
FN:19,(anonymous_2)
FNF:2
FNH:0
FNDA:0,GET
FNDA:0,(anonymous_2)
DA:1,0
DA:2,0
DA:3,0
DA:4,0
DA:10,0
DA:11,0
DA:12,0
DA:14,0
DA:17,0
DA:18,0
DA:19,0
DA:22,0
DA:23,0
DA:26,0
DA:27,0
DA:30,0
DA:31,0
DA:33,0
DA:35,0
DA:43,0
DA:44,0
DA:45,0
DA:51,0
DA:52,0
DA:57,0
DA:58,0
DA:59,0
DA:66,0
DA:67,0
DA:70,0
DA:71,0
DA:73,0
DA:74,0
DA:80,0
DA:81,0
DA:85,0
DA:88,0
DA:89,0
DA:90,0
DA:96,0
DA:98,0
DA:113,0
DA:114,0
DA:115,0
DA:116,0
DA:117,0
DA:120,0
DA:121,0
DA:122,0
DA:124,0
DA:125,0
DA:128,0
DA:135,0
DA:137,0
DA:145,0
DA:148,0
DA:149,0
DA:153,0
DA:154,0
DA:155,0
DA:162,0
DA:165,0
DA:166,0
DA:169,0
DA:172,0
DA:173,0
DA:175,0
DA:176,0
DA:181,0
DA:182,0
DA:183,0
DA:184,0
DA:185,0
DA:189,0
DA:190,0
DA:191,0
DA:195,0
DA:207,0
DA:208,0
DA:209,0
DA:213,0
DA:220,0
DA:221,0
DA:224,0
DA:226,0
DA:227,0
DA:228,0
LF:87
LH:0
BRDA:23,0,0,0
BRDA:23,0,1,0
BRDA:27,1,0,0
BRDA:27,1,1,0
BRDA:30,2,0,0
BRDA:30,2,1,0
BRDA:35,3,0,0
BRDA:35,3,1,0
BRDA:39,4,0,0
BRDA:39,4,1,0
BRDA:43,5,0,0
BRDA:57,6,0,0
BRDA:57,7,0,0
BRDA:57,7,1,0
BRDA:88,8,0,0
BRDA:114,9,0,0
BRDA:129,10,0,0
BRDA:129,10,1,0
BRDA:148,11,0,0
BRDA:148,12,0,0
BRDA:148,12,1,0
BRDA:153,13,0,0
BRDA:153,14,0,0
BRDA:153,14,1,0
BRDA:165,15,0,0
BRDA:169,16,0,0
BRDA:169,16,1,0
BRDA:169,17,0,0
BRDA:169,17,1,0
BRDA:169,17,2,0
BRDA:181,18,0,0
BRDA:181,19,0,0
BRDA:181,19,1,0
BRDA:183,20,0,0
BRDA:183,21,0,0
BRDA:183,21,1,0
BRDA:189,22,0,0
BRDA:197,23,0,0
BRDA:197,23,1,0
BRDA:198,24,0,0
BRDA:198,24,1,0
BRDA:201,25,0,0
BRDA:201,25,1,0
BRDA:207,26,0,0
BRF:44
BRH:0
end_of_record
TN:
SF:app/api/ringcentral/sms/route.ts
FN:10,POST
FNF:1
FNH:0
FNDA:0,POST
DA:1,0
DA:2,0
DA:3,0
DA:4,0
DA:5,0
DA:10,0
DA:11,0
DA:12,0
DA:14,0
DA:16,0
DA:17,0
DA:19,0
DA:20,0
DA:21,0
DA:24,0
DA:30,0
DA:31,0
DA:32,0
DA:34,0
DA:35,0
DA:36,0
DA:37,0
DA:41,0
DA:43,0
DA:49,0
DA:50,0
DA:52,0
DA:53,0
DA:55,0
DA:56,0
DA:63,0
DA:64,0
DA:65,0
DA:67,0
DA:68,0
DA:69,0
DA:70,0
DA:71,0
DA:72,0
DA:74,0
DA:78,0
DA:80,0
LF:42
LH:0
BRDA:19,0,0,0
BRDA:19,1,0,0
BRDA:19,1,1,0
BRDA:26,2,0,0
BRDA:26,2,1,0
BRDA:35,3,0,0
BRDA:64,4,0,0
BRDA:64,4,1,0
BRDA:67,5,0,0
BRDA:70,6,0,0
BRDA:70,6,1,0
BRDA:70,6,2,0
BRF:12
BRH:0
end_of_record
TN:
SF:app/api/ringcentral/test-api/route.ts
FN:13,GET
FNF:1
FNH:0
FNDA:0,GET
DA:1,0
DA:2,0
DA:3,0
DA:4,0
DA:5,0
DA:13,0
DA:14,0
DA:15,0
DA:16,0
DA:17,0
DA:25,0
DA:27,0
DA:29,0
DA:31,0
DA:38,0
DA:39,0
LF:16
LH:0
BRDA:35,0,0,0
BRDA:35,0,1,0
BRDA:40,1,0,0
BRDA:40,1,1,0
BRF:4
BRH:0
end_of_record
TN:
SF:app/api/ringcentral/test-websocket/route.ts
FN:9,POST
FN:26,(anonymous_3)
FN:27,(anonymous_4)
FN:30,(anonymous_5)
FN:41,(anonymous_6)
FN:48,(anonymous_7)
FN:55,(anonymous_8)
FNF:7
FNH:0
FNDA:0,POST
FNDA:0,(anonymous_3)
FNDA:0,(anonymous_4)
FNDA:0,(anonymous_5)
FNDA:0,(anonymous_6)
FNDA:0,(anonymous_7)
FNDA:0,(anonymous_8)
DA:1,0
DA:2,0
DA:3,0
DA:9,0
DA:10,0
DA:11,0
DA:13,0
DA:15,0
DA:16,0
DA:18,0
DA:19,0
DA:20,0
DA:23,0
DA:26,0
DA:27,0
DA:28,0
DA:30,0
DA:31,0
DA:32,0
DA:33,0
DA:34,0
DA:39,0
DA:41,0
DA:42,0
DA:43,0
DA:44,0
DA:45,0
DA:48,0
DA:49,0
DA:50,0
DA:51,0
DA:52,0
DA:55,0
DA:56,0
DA:57,0
DA:60,0
DA:61,0
DA:67,0
DA:68,0
DA:69,0
DA:70,0
DA:71,0
DA:73,0
DA:74,0
DA:75,0
DA:78,0
DA:79,0
DA:81,0
LF:48
LH:0
BRDA:18,0,0,0
BRDA:32,1,0,0
BRDA:83,2,0,0
BRDA:83,2,1,0
BRF:4
BRH:0
end_of_record
TN:
SF:app/api/ringcentral/token/route.ts
FN:5,GET
FNF:1
FNH:0
FNDA:0,GET
DA:1,0
DA:2,0
DA:3,0
DA:5,0
DA:6,0
DA:7,0
DA:9,0
DA:10,0
DA:11,0
DA:12,0
DA:13,0
DA:15,0
DA:16,0
DA:19,0
DA:22,0
DA:23,0
DA:24,0
DA:27,0
DA:28,0
DA:35,0
DA:37,0
DA:38,0
DA:41,0
DA:47,0
DA:48,0
DA:49,0
DA:50,0
DA:53,0
DA:54,0
DA:56,0
DA:57,0
DA:60,0
DA:61,0
DA:62,0
DA:65,0
DA:72,0
DA:79,0
DA:86,0
DA:88,0
DA:91,0
DA:94,0
DA:98,0
DA:99,0
DA:100,0
DA:101,0
DA:104,0
DA:105,0
DA:107,0
DA:113,0
DA:114,0
DA:115,0
DA:116,0
LF:52
LH:0
BRDA:16,0,0,0
BRDA:16,0,1,0
BRDA:19,1,0,0
BRDA:19,1,1,0
BRDA:19,1,2,0
BRDA:22,2,0,0
BRDA:37,3,0,0
BRDA:37,3,1,0
BRDA:47,4,0,0
BRDA:47,4,1,0
BRDA:49,5,0,0
BRDA:49,5,1,0
BRDA:56,6,0,0
BRDA:56,6,1,0
BRDA:98,7,0,0
BRDA:110,8,0,0
BRDA:110,8,1,0
BRF:17
BRH:0
end_of_record
TN:
SF:app/api/validate-discount/route.ts
FN:11,POST
FNF:1
FNH:0
FNDA:0,POST
DA:1,0
DA:2,0
DA:3,0
DA:4,0
DA:7,0
DA:11,0
DA:12,0
DA:14,0
DA:15,0
DA:17,0
DA:18,0
DA:24,0
DA:27,0
DA:33,0
DA:40,0
DA:41,0
DA:48,0
DA:49,0
DA:56,0
DA:57,0
DA:64,0
DA:65,0
DA:72,0
DA:73,0
DA:75,0
DA:76,0
DA:77,0
DA:78,0
DA:81,0
DA:82,0
DA:83,0
DA:84,0
DA:85,0
DA:88,0
DA:98,0
DA:99,0
LF:36
LH:0
BRDA:17,0,0,0
BRDA:40,1,0,0
BRDA:40,2,0,0
BRDA:40,2,1,0
BRDA:48,3,0,0
BRDA:48,4,0,0
BRDA:48,4,1,0
BRDA:56,5,0,0
BRDA:56,6,0,0
BRDA:56,6,1,0
BRDA:64,7,0,0
BRDA:64,8,0,0
BRDA:64,8,1,0
BRDA:75,9,0,0
BRDA:75,9,1,0
BRDA:78,10,0,0
BRDA:78,10,1,0
BRDA:83,11,0,0
BRF:18
BRH:0
end_of_record
TN:
SF:app/auth/callback/route.ts
FN:5,GET
FNF:1
FNH:0
FNDA:0,GET
DA:1,0
DA:2,0
DA:3,0
DA:5,0
DA:6,0
DA:7,0
DA:8,0
DA:9,0
DA:10,0
DA:13,0
DA:14,0
DA:15,0
DA:21,0
DA:22,0
DA:23,0
DA:24,0
DA:26,0
DA:29,0
DA:30,0
DA:31,0
DA:36,0
DA:37,0
DA:45,0
DA:50,0
DA:54,0
LF:25
LH:0
BRDA:13,0,0,0
BRDA:13,1,0,0
BRDA:13,1,1,0
BRDA:14,2,0,0
BRDA:14,2,1,0
BRDA:14,2,2,0
BRDA:21,3,0,0
BRDA:29,4,0,0
BRDA:45,5,0,0
BRDA:45,5,1,0
BRDA:50,6,0,0
BRDA:50,6,1,0
BRF:12
BRH:0
end_of_record
TN:
SF:app/auth/dev-login/page.tsx
FN:13,DevLoginPage
FN:21,(anonymous_3)
FN:56,(anonymous_4)
FN:86,(anonymous_5)
FN:105,(anonymous_6)
FNF:5
FNH:0
FNDA:0,DevLoginPage
FNDA:0,(anonymous_3)
FNDA:0,(anonymous_4)
FNDA:0,(anonymous_5)
FNDA:0,(anonymous_6)
DA:3,0
DA:4,0
DA:5,0
DA:6,0
DA:7,0
DA:8,0
DA:9,0
DA:10,0
DA:11,0
DA:13,0
DA:14,0
DA:15,0
DA:16,0
DA:17,0
DA:18,0
DA:19,0
DA:21,0
DA:22,0
DA:23,0
DA:24,0
DA:26,0
DA:27,0
DA:35,0
DA:37,0
DA:38,0
DA:39,0
DA:43,0
DA:46,0
DA:47,0
DA:49,0
DA:50,0
DA:52,0
DA:56,0
DA:57,0
DA:87,0
DA:88,0
DA:106,0
DA:107,0
LF:38
LH:0
BRDA:37,0,0,0
BRDA:38,1,0,0
BRDA:38,1,1,0
BRDA:70,2,0,0
BRDA:88,3,0,0
BRDA:102,4,0,0
BRDA:102,4,1,0
BRDA:107,5,0,0
BRDA:117,6,0,0
BRDA:128,7,0,0
BRF:10
BRH:0
end_of_record
TN:
SF:app/auth/forgot-password/page.tsx
FN:14,ForgotPasswordPage
FN:21,(anonymous_3)
FN:90,(anonymous_4)
FNF:3
FNH:0
FNDA:0,ForgotPasswordPage
FNDA:0,(anonymous_3)
FNDA:0,(anonymous_4)
DA:3,0
DA:4,0
DA:5,0
DA:6,0
DA:7,0
DA:8,0
DA:9,0
DA:10,0
DA:11,0
DA:12,0
DA:14,0
DA:15,0
DA:16,0
DA:17,0
DA:18,0
DA:19,0
DA:21,0
DA:22,0
DA:23,0
DA:24,0
DA:25,0
DA:27,0
DA:28,0
DA:31,0
DA:33,0
DA:35,0
DA:39,0
DA:40,0
DA:44,0
DA:46,0
DA:47,0
DA:49,0
DA:90,0
LF:33
LH:0
BRDA:39,0,0,0
BRDA:47,1,0,0
BRDA:47,1,1,0
BRDA:64,2,0,0
BRDA:70,3,0,0
BRDA:102,4,0,0
BRDA:102,4,1,0
BRF:7
BRH:0
end_of_record
TN:
SF:app/auth/login/page.tsx
FN:18,LoginPage
FN:28,(anonymous_3)
FN:40,(anonymous_4)
FN:45,(anonymous_5)
FN:57,(anonymous_6)
FN:110,(anonymous_7)
FN:157,(anonymous_8)
FN:221,(anonymous_9)
FN:248,(anonymous_10)
FNF:9
FNH:0
FNDA:0,LoginPage
FNDA:0,(anonymous_3)
FNDA:0,(anonymous_4)
FNDA:0,(anonymous_5)
FNDA:0,(anonymous_6)
FNDA:0,(anonymous_7)
FNDA:0,(anonymous_8)
FNDA:0,(anonymous_9)
FNDA:0,(anonymous_10)
DA:3,0
DA:4,0
DA:5,0
DA:6,0
DA:7,0
DA:9,0
DA:10,0
DA:11,0
DA:12,0
DA:13,0
DA:14,0
DA:15,0
DA:18,0
DA:19,0
DA:20,0
DA:21,0
DA:22,0
DA:23,0
DA:24,0
DA:25,0
DA:28,0
DA:30,0
DA:31,0
DA:32,0
DA:33,0
DA:34,0
DA:40,0
DA:41,0
DA:42,0
DA:45,0
DA:46,0
DA:47,0
DA:48,0
DA:49,0
DA:50,0
DA:57,0
DA:58,0
DA:59,0
DA:60,0
DA:62,0
DA:64,0
DA:67,0
DA:73,0
DA:75,0
DA:77,0
DA:79,0
DA:80,0
DA:82,0
DA:83,0
DA:85,0
DA:88,0
DA:92,0
DA:93,0
DA:95,0
DA:99,0
DA:100,0
DA:103,0
DA:104,0
DA:106,0
DA:110,0
DA:111,0
DA:112,0
DA:113,0
DA:115,0
DA:116,0
DA:118,0
DA:126,0
DA:128,0
DA:130,0
DA:131,0
DA:132,0
DA:133,0
DA:136,0
DA:140,0
DA:141,0
DA:143,0
DA:147,0
DA:150,0
DA:151,0
DA:153,0
DA:157,0
DA:158,0
DA:222,0
DA:224,0
DA:225,0
DA:249,0
DA:251,0
DA:252,0
LF:88
LH:0
BRDA:30,0,0,0
BRDA:33,1,0,0
BRDA:41,2,0,0
BRDA:41,3,0,0
BRDA:41,3,1,0
BRDA:46,4,0,0
BRDA:49,5,0,0
BRDA:73,6,0,0
BRDA:75,7,0,0
BRDA:75,7,1,0
BRDA:77,8,0,0
BRDA:77,8,1,0
BRDA:80,9,0,0
BRDA:80,9,1,0
BRDA:83,10,0,0
BRDA:83,10,1,0
BRDA:126,11,0,0
BRDA:128,12,0,0
BRDA:128,12,1,0
BRDA:130,13,0,0
BRDA:130,13,1,0
BRDA:132,14,0,0
BRDA:132,14,1,0
BRDA:187,15,0,0
BRDA:190,16,0,0
BRDA:190,16,1,0
BRDA:196,17,0,0
BRDA:224,18,0,0
BRDA:224,19,0,0
BRDA:224,19,1,0
BRDA:245,20,0,0
BRDA:245,20,1,0
BRDA:251,21,0,0
BRDA:251,22,0,0
BRDA:251,22,1,0
BRDA:263,23,0,0
BRDA:274,24,0,0
BRDA:301,25,0,0
BRDA:301,25,1,0
BRDA:305,26,0,0
BRF:40
BRH:0
end_of_record
TN:
SF:app/auth/signup/page.tsx
FN:17,SignUpPage
FN:31,(anonymous_3)
FN:40,(anonymous_4)
FN:54,(anonymous_5)
FN:125,(anonymous_6)
FN:138,(anonymous_7)
FN:142,(anonymous_8)
FN:147,(anonymous_9)
FN:161,(anonymous_10)
FN:231,(anonymous_11)
FN:247,(anonymous_12)
FN:263,(anonymous_13)
FN:299,(anonymous_14)
FNF:13
FNH:0
FNDA:0,SignUpPage
FNDA:0,(anonymous_3)
FNDA:0,(anonymous_4)
FNDA:0,(anonymous_5)
FNDA:0,(anonymous_6)
FNDA:0,(anonymous_7)
FNDA:0,(anonymous_8)
FNDA:0,(anonymous_9)
FNDA:0,(anonymous_10)
FNDA:0,(anonymous_11)
FNDA:0,(anonymous_12)
FNDA:0,(anonymous_13)
FNDA:0,(anonymous_14)
DA:3,0
DA:4,0
DA:5,0
DA:6,0
DA:7,0
DA:8,0
DA:9,0
DA:10,0
DA:11,0
DA:12,0
DA:13,0
DA:14,0
DA:15,0
DA:17,0
DA:18,0
DA:19,0
DA:20,0
DA:21,0
DA:22,0
DA:23,0
DA:24,0
DA:25,0
DA:26,0
DA:27,0
DA:28,0
DA:31,0
DA:32,0
DA:33,0
DA:35,0
DA:40,0
DA:41,0
DA:42,0
DA:43,0
DA:44,0
DA:45,0
DA:47,0
DA:50,0
DA:54,0
DA:55,0
DA:56,0
DA:57,0
DA:60,0
DA:61,0
DA:62,0
DA:63,0
DA:67,0
DA:68,0
DA:69,0
DA:70,0
DA:74,0
DA:75,0
DA:76,0
DA:77,0
DA:80,0
DA:81,0
DA:83,0
DA:95,0
DA:97,0
DA:98,0
DA:99,0
DA:100,0
DA:101,0
DA:102,0
DA:103,0
DA:105,0
DA:109,0
DA:110,0
DA:112,0
DA:116,0
DA:117,0
DA:118,0
DA:122,0
DA:125,0
DA:126,0
DA:131,0
DA:132,0
DA:134,0
DA:138,0
DA:139,0
DA:142,0
DA:143,0
DA:147,0
DA:148,0
DA:150,0
DA:152,0
DA:154,0
DA:156,0
DA:161,0
DA:162,0
DA:164,0
DA:166,0
DA:168,0
DA:170,0
DA:231,0
DA:247,0
DA:263,0
DA:299,0
LF:97
LH:0
BRDA:32,0,0,0
BRDA:32,0,1,0
BRDA:41,1,0,0
BRDA:41,1,1,0
BRDA:42,2,0,0
BRDA:42,2,1,0
BRDA:44,3,0,0
BRDA:44,3,1,0
BRDA:44,4,0,0
BRDA:44,4,1,0
BRDA:60,5,0,0
BRDA:67,6,0,0
BRDA:74,7,0,0
BRDA:95,8,0,0
BRDA:97,9,0,0
BRDA:97,9,1,0
BRDA:98,10,0,0
BRDA:98,10,1,0
BRDA:100,11,0,0
BRDA:100,11,1,0
BRDA:102,12,0,0
BRDA:102,12,1,0
BRDA:105,13,0,0
BRDA:105,13,1,0
BRDA:116,14,0,0
BRDA:148,15,0,0
BRDA:148,15,1,0
BRDA:148,15,2,0
BRDA:148,15,3,0
BRDA:162,16,0,0
BRDA:162,16,1,0
BRDA:162,16,2,0
BRDA:162,16,3,0
BRDA:214,17,0,0
BRDA:215,18,0,0
BRDA:215,18,1,0
BRDA:216,19,0,0
BRDA:216,19,1,0
BRDA:260,20,0,0
BRDA:260,20,1,0
BRDA:272,21,0,0
BRDA:275,22,0,0
BRDA:278,23,0,0
BRDA:278,23,1,0
BRDA:279,24,0,0
BRDA:279,24,1,0
BRDA:296,25,0,0
BRDA:296,25,1,0
BRDA:301,26,0,0
BRDA:301,26,1,0
BRDA:302,27,0,0
BRDA:302,27,1,0
BRDA:311,28,0,0
BRDA:313,29,0,0
BRDA:316,30,0,0
BRDA:323,31,0,0
BRDA:331,32,0,0
BRDA:331,32,1,0
BRDA:331,32,2,0
BRDA:331,32,3,0
BRDA:334,33,0,0
BRF:61
BRH:0
end_of_record
TN:
SF:app/dashboard/layout.tsx
FN:12,DashboardContent
FN:16,(anonymous_2)
FN:17,(anonymous_3)
FN:44,(anonymous_4)
FN:61,(anonymous_5)
FN:88,DashboardLayout
FNF:6
FNH:0
FNDA:0,DashboardContent
FNDA:0,(anonymous_2)
FNDA:0,(anonymous_3)
FNDA:0,(anonymous_4)
FNDA:0,(anonymous_5)
FNDA:0,DashboardLayout
DA:3,0
DA:4,0
DA:5,0
DA:6,0
DA:7,0
DA:8,0
DA:9,0
DA:10,0
DA:13,0
DA:14,0
DA:16,0
DA:17,0
DA:21,0
DA:34,0
DA:35,0
DA:44,0
DA:61,0
DA:88,0
LF:18
LH:0
BRDA:21,0,0,0
BRDA:34,1,0,0
BRDA:41,2,0,0
BRDA:52,3,0,0
BRDA:52,3,1,0
BRDA:55,4,0,0
BRF:6
BRH:0
end_of_record
TN:
SF:app/dashboard/page.tsx
FN:42,Dashboard
FN:63,(anonymous_3)
FN:113,(anonymous_4)
FNF:3
FNH:0
FNDA:0,Dashboard
FNDA:0,(anonymous_3)
FNDA:0,(anonymous_4)
DA:3,0
DA:4,0
DA:5,0
DA:6,0
DA:9,0
DA:15,0
DA:42,0
DA:64,0
DA:114,0
LF:9
LH:0
BRDA:68,0,0,0
BRDA:68,0,1,0
BRDA:78,1,0,0
BRDA:78,1,1,0
BRDA:119,2,0,0
BRDA:119,2,1,0
BRDA:121,3,0,0
BRDA:121,3,1,0
BRF:8
BRH:0
end_of_record
TN:
SF:app/dashboard/clients/page.tsx
FN:7,ClientsRedirect
FN:10,(anonymous_2)
FNF:2
FNH:0
FNDA:0,ClientsRedirect
FNDA:0,(anonymous_2)
DA:3,0
DA:4,0
DA:5,0
DA:7,0
DA:8,0
DA:10,0
DA:12,0
LF:7
LH:0
BRF:0
BRH:0
end_of_record
TN:
SF:app/dashboard/leads/page.tsx
FN:81,LeadsPageContent
FN:141,(anonymous_3)
FN:150,(anonymous_4)
FN:153,(anonymous_5)
FN:237,(anonymous_6)
FN:238,(anonymous_7)
FN:270,(anonymous_8)
FN:273,(anonymous_9)
FN:294,(anonymous_10)
FN:299,(anonymous_11)
FN:305,(anonymous_12)
FN:310,(anonymous_13)
FN:319,(anonymous_14)
FN:322,(anonymous_15)
FN:340,(anonymous_16)
FN:346,(anonymous_17)
FN:356,(anonymous_18)
FN:363,(anonymous_19)
FN:373,(anonymous_20)
FN:382,(anonymous_21)
FN:384,(anonymous_22)
FN:393,(anonymous_23)
FN:407,(anonymous_24)
FN:419,(anonymous_25)
FN:426,(anonymous_26)
FN:427,(anonymous_27)
FN:441,(anonymous_28)
FN:445,(anonymous_29)
FN:446,(anonymous_30)
FN:461,(anonymous_31)
FN:467,(anonymous_32)
FN:468,(anonymous_33)
FN:469,(anonymous_34)
FN:477,(anonymous_35)
FN:479,(anonymous_36)
FN:494,(anonymous_37)
FN:499,(anonymous_38)
FN:504,(anonymous_39)
FN:508,(anonymous_40)
FN:533,(anonymous_41)
FN:573,(anonymous_42)
FN:580,(anonymous_43)
FN:669,(anonymous_44)
FN:673,(anonymous_45)
FN:680,(anonymous_46)
FN:681,(anonymous_47)
FN:687,(anonymous_48)
FN:690,(anonymous_49)
FN:691,(anonymous_50)
FN:693,(anonymous_51)
FN:694,(anonymous_52)
FN:699,(anonymous_53)
FN:713,(anonymous_54)
FN:722,(anonymous_55)
FN:732,LeadsPage
FNF:55
FNH:0
FNDA:0,LeadsPageContent
FNDA:0,(anonymous_3)
FNDA:0,(anonymous_4)
FNDA:0,(anonymous_5)
FNDA:0,(anonymous_6)
FNDA:0,(anonymous_7)
FNDA:0,(anonymous_8)
FNDA:0,(anonymous_9)
FNDA:0,(anonymous_10)
FNDA:0,(anonymous_11)
FNDA:0,(anonymous_12)
FNDA:0,(anonymous_13)
FNDA:0,(anonymous_14)
FNDA:0,(anonymous_15)
FNDA:0,(anonymous_16)
FNDA:0,(anonymous_17)
FNDA:0,(anonymous_18)
FNDA:0,(anonymous_19)
FNDA:0,(anonymous_20)
FNDA:0,(anonymous_21)
FNDA:0,(anonymous_22)
FNDA:0,(anonymous_23)
FNDA:0,(anonymous_24)
FNDA:0,(anonymous_25)
FNDA:0,(anonymous_26)
FNDA:0,(anonymous_27)
FNDA:0,(anonymous_28)
FNDA:0,(anonymous_29)
FNDA:0,(anonymous_30)
FNDA:0,(anonymous_31)
FNDA:0,(anonymous_32)
FNDA:0,(anonymous_33)
FNDA:0,(anonymous_34)
FNDA:0,(anonymous_35)
FNDA:0,(anonymous_36)
FNDA:0,(anonymous_37)
FNDA:0,(anonymous_38)
FNDA:0,(anonymous_39)
FNDA:0,(anonymous_40)
FNDA:0,(anonymous_41)
FNDA:0,(anonymous_42)
FNDA:0,(anonymous_43)
FNDA:0,(anonymous_44)
FNDA:0,(anonymous_45)
FNDA:0,(anonymous_46)
FNDA:0,(anonymous_47)
FNDA:0,(anonymous_48)
FNDA:0,(anonymous_49)
FNDA:0,(anonymous_50)
FNDA:0,(anonymous_51)
FNDA:0,(anonymous_52)
FNDA:0,(anonymous_53)
FNDA:0,(anonymous_54)
FNDA:0,(anonymous_55)
FNDA:0,LeadsPage
DA:39,0
DA:40,0
DA:41,0
DA:42,0
DA:43,0
DA:44,0
DA:61,0
DA:66,0
DA:67,0
DA:68,0
DA:69,0
DA:71,0
DA:72,0
DA:73,0
DA:74,0
DA:75,0
DA:76,0
DA:77,0
DA:78,0
DA:82,0
DA:85,0
DA:88,0
DA:91,0
DA:94,0
DA:97,0
DA:100,0
DA:103,0
DA:106,0
DA:109,0
DA:112,0
DA:115,0
DA:118,0
DA:121,0
DA:123,0
DA:141,0
DA:150,0
DA:152,0
DA:153,0
DA:154,0
DA:158,0
DA:159,0
DA:164,0
DA:167,0
DA:174,0
DA:175,0
DA:180,0
DA:187,0
DA:188,0
DA:194,0
DA:204,0
DA:211,0
DA:212,0
DA:216,0
DA:223,0
DA:224,0
DA:228,0
DA:237,0
DA:238,0
DA:239,0
DA:240,0
DA:242,0
DA:243,0
DA:246,0
DA:247,0
DA:249,0
DA:251,0
DA:252,0
DA:255,0
DA:258,0
DA:260,0
DA:262,0
DA:266,0
DA:270,0
DA:271,0
DA:273,0
DA:274,0
DA:275,0
DA:276,0
DA:279,0
DA:285,0
DA:288,0
DA:289,0
DA:292,0
DA:294,0
DA:295,0
DA:296,0
DA:299,0
DA:300,0
DA:307,0
DA:308,0
DA:311,0
DA:313,0
DA:318,0
DA:320,0
DA:323,0
DA:328,0
DA:331,0
DA:335,0
DA:338,0
DA:342,0
DA:346,0
DA:348,0
DA:351,0
DA:356,0
DA:357,0
DA:360,0
DA:361,0
DA:362,0
DA:364,0
DA:372,0
DA:373,0
DA:374,0
DA:378,0
DA:382,0
DA:383,0
DA:384,0
DA:385,0
DA:386,0
DA:388,0
DA:393,0
DA:394,0
DA:397,0
DA:400,0
DA:402,0
DA:403,0
DA:404,0
DA:407,0
DA:409,0
DA:410,0
DA:411,0
DA:414,0
DA:416,0
DA:419,0
DA:420,0
DA:421,0
DA:422,0
DA:426,0
DA:427,0
DA:428,0
DA:432,0
DA:434,0
DA:436,0
DA:438,0
DA:440,0
DA:441,0
DA:443,0
DA:445,0
DA:446,0
DA:447,0
DA:452,0
DA:461,0
DA:462,0
DA:463,0
DA:467,0
DA:468,0
DA:469,0
DA:470,0
DA:473,0
DA:477,0
DA:479,0
DA:480,0
DA:481,0
DA:484,0
DA:487,0
DA:488,0
DA:489,0
DA:494,0
DA:495,0
DA:499,0
DA:500,0
DA:504,0
DA:505,0
DA:507,0
DA:508,0
DA:509,0
DA:510,0
DA:511,0
DA:512,0
DA:516,0
DA:517,0
DA:519,0
DA:521,0
DA:524,0
DA:533,0
DA:573,0
DA:580,0
DA:670,0
DA:673,0
DA:674,0
DA:675,0
DA:676,0
DA:680,0
DA:681,0
DA:682,0
DA:687,0
DA:688,0
DA:690,0
DA:691,0
DA:692,0
DA:693,0
DA:694,0
DA:695,0
DA:700,0
DA:713,0
DA:722,0
DA:732,0
LF:206
LH:0
BRDA:152,0,0,0
BRDA:164,1,0,0
BRDA:174,2,0,0
BRDA:187,3,0,0
BRDA:211,4,0,0
BRDA:223,5,0,0
BRDA:249,6,0,0
BRDA:249,6,1,0
BRDA:271,7,0,0
BRDA:279,8,0,0
BRDA:279,8,1,0
BRDA:292,9,0,0
BRDA:295,10,0,0
BRDA:303,11,0,0
BRDA:303,11,1,0
BRDA:360,12,0,0
BRDA:364,13,0,0
BRDA:364,13,1,0
BRDA:364,13,2,0
BRDA:364,13,3,0
BRDA:372,14,0,0
BRDA:374,15,0,0
BRDA:374,15,1,0
BRDA:385,16,0,0
BRDA:402,17,0,0
BRDA:402,18,0,0
BRDA:402,18,1,0
BRDA:402,18,2,0
BRDA:409,19,0,0
BRDA:420,20,0,0
BRDA:428,21,0,0
BRDA:428,21,1,0
BRDA:443,22,0,0
BRDA:447,23,0,0
BRDA:447,23,1,0
BRDA:470,24,0,0
BRDA:470,24,1,0
BRDA:480,25,0,0
BRDA:507,26,0,0
BRDA:511,27,0,0
BRDA:511,27,1,0
BRDA:539,28,0,0
BRDA:539,28,1,0
BRDA:543,29,0,0
BRDA:543,29,1,0
BRDA:543,29,2,0
BRDA:580,30,0,0
BRDA:580,30,1,0
BRDA:594,31,0,0
BRDA:606,32,0,0
BRDA:608,33,0,0
BRDA:608,33,1,0
BRDA:614,34,0,0
BRDA:614,34,1,0
BRDA:623,35,0,0
BRDA:623,35,1,0
BRDA:626,36,0,0
BRDA:626,36,1,0
BRDA:626,37,0,0
BRDA:626,37,1,0
BRDA:639,38,0,0
BRDA:639,38,1,0
BRDA:640,39,0,0
BRDA:640,39,1,0
BRDA:643,40,0,0
BRDA:643,40,1,0
BRDA:647,41,0,0
BRDA:647,41,1,0
BRDA:653,42,0,0
BRDA:667,43,0,0
BRDA:667,43,1,0
BRDA:670,44,0,0
BRDA:674,45,0,0
BRDA:682,46,0,0
BRDA:682,46,1,0
BRDA:692,47,0,0
BRDA:695,48,0,0
BRDA:695,48,1,0
BRDA:704,49,0,0
BRDA:704,49,1,0
BRDA:710,50,0,0
BRDA:719,51,0,0
BRF:82
BRH:0
end_of_record
TN:
SF:app/dashboard/leads/[id]/page.tsx
FN:37,LeadDetailsPage
FN:119,(anonymous_6)
FN:120,(anonymous_7)
FN:597,(anonymous_8)
FN:601,(anonymous_9)
FN:682,(anonymous_10)
FN:763,(anonymous_11)
FN:805,(anonymous_12)
FN:826,(anonymous_13)
FN:847,(anonymous_14)
FN:877,(anonymous_15)
FN:1158,(anonymous_16)
FN:1160,(anonymous_17)
FN:1164,(anonymous_18)
FN:1165,(anonymous_19)
FN:1169,(anonymous_20)
FN:1171,(anonymous_21)
FN:1174,(anonymous_22)
FN:1175,(anonymous_23)
FN:1178,(anonymous_24)
FN:1180,(anonymous_25)
FN:1183,(anonymous_26)
FN:1184,(anonymous_27)
FN:1187,(anonymous_28)
FN:1189,(anonymous_29)
FN:1192,(anonymous_30)
FN:1193,(anonymous_31)
FN:1196,(anonymous_32)
FN:1198,(anonymous_33)
FN:1201,(anonymous_34)
FN:1202,(anonymous_35)
FN:1206,(anonymous_36)
FN:1220,(anonymous_37)
FN:1277,(anonymous_38)
FN:1291,(anonymous_39)
FN:1348,(anonymous_40)
FN:1357,(anonymous_41)
FN:1421,(anonymous_42)
FN:1431,(anonymous_43)
FN:1485,(anonymous_44)
FN:1495,(anonymous_45)
FN:1549,(anonymous_46)
FN:1596,(anonymous_47)
FN:1615,(anonymous_48)
FN:1667,(anonymous_49)
FN:1686,(anonymous_50)
FN:1734,(anonymous_51)
FN:1753,(anonymous_52)
FN:1776,(anonymous_53)
FN:1826,(anonymous_54)
FN:1845,(anonymous_55)
FN:1866,(anonymous_56)
FN:1922,(anonymous_57)
FN:2166,(anonymous_58)
FN:2173,(anonymous_59)
FN:2198,(anonymous_60)
FN:2214,(anonymous_61)
FN:2221,(anonymous_62)
FN:2261,(anonymous_63)
FN:2269,(anonymous_64)
FN:2384,(anonymous_65)
FN:2422,(anonymous_66)
FN:2537,(anonymous_67)
FN:2554,(anonymous_68)
FN:2775,(anonymous_69)
FN:2797,(anonymous_70)
FN:2810,(anonymous_71)
FN:2822,(anonymous_72)
FN:2834,(anonymous_73)
FN:2844,(anonymous_74)
FN:2865,(anonymous_75)
FN:2910,(anonymous_76)
FN:2922,(anonymous_77)
FN:2935,(anonymous_78)
FN:2947,(anonymous_79)
FN:2957,(anonymous_80)
FN:2980,(anonymous_81)
FN:2990,(anonymous_82)
FN:3011,(anonymous_83)
FN:3019,(anonymous_84)
FN:3067,(anonymous_85)
FN:3087,(anonymous_86)
FN:3099,(anonymous_87)
FN:3112,(anonymous_88)
FN:3125,(anonymous_89)
FN:3135,(anonymous_90)
FN:3199,(anonymous_91)
FN:3222,(anonymous_92)
FN:3235,(anonymous_93)
FN:3245,(anonymous_94)
FN:3267,(anonymous_95)
FN:3289,(anonymous_96)
FN:3340,(anonymous_97)
FN:3361,(anonymous_98)
FN:3374,(anonymous_99)
FN:3387,(anonymous_100)
FN:3400,(anonymous_101)
FN:3413,(anonymous_102)
FN:3423,(anonymous_103)
FN:3490,(anonymous_104)
FN:3528,(anonymous_105)
FN:3556,(anonymous_106)
FN:3591,(anonymous_107)
FN:3616,(anonymous_108)
FN:3628,(anonymous_109)
FN:3687,(anonymous_110)
FN:3745,(anonymous_111)
FN:3772,(anonymous_112)
FN:3797,(anonymous_113)
FN:3812,(anonymous_114)
FN:3827,(anonymous_115)
FN:3842,(anonymous_116)
FN:3857,(anonymous_117)
FN:3872,(anonymous_118)
FN:3885,(anonymous_119)
FN:3897,(anonymous_120)
FN:3972,(anonymous_121)
FN:4050,(anonymous_122)
FN:4069,(anonymous_123)
FN:4098,(anonymous_124)
FN:4112,(anonymous_125)
FN:4124,(anonymous_126)
FN:4182,(anonymous_127)
FN:4200,(anonymous_128)
FN:4271,(anonymous_129)
FN:4335,(anonymous_130)
FN:4347,(anonymous_131)
FN:4435,(anonymous_132)
FN:4437,(anonymous_133)
FN:4471,(anonymous_134)
FN:4473,(anonymous_135)
FN:4523,(anonymous_136)
FN:4525,(anonymous_137)
FN:4554,(anonymous_138)
FN:4586,(anonymous_139)
FN:4588,(anonymous_140)
FNF:136
FNH:0
FNDA:0,LeadDetailsPage
FNDA:0,(anonymous_6)
FNDA:0,(anonymous_7)
FNDA:0,(anonymous_8)
FNDA:0,(anonymous_9)
FNDA:0,(anonymous_10)
FNDA:0,(anonymous_11)
FNDA:0,(anonymous_12)
FNDA:0,(anonymous_13)
FNDA:0,(anonymous_14)
FNDA:0,(anonymous_15)
FNDA:0,(anonymous_16)
FNDA:0,(anonymous_17)
FNDA:0,(anonymous_18)
FNDA:0,(anonymous_19)
FNDA:0,(anonymous_20)
FNDA:0,(anonymous_21)
FNDA:0,(anonymous_22)
FNDA:0,(anonymous_23)
FNDA:0,(anonymous_24)
FNDA:0,(anonymous_25)
FNDA:0,(anonymous_26)
FNDA:0,(anonymous_27)
FNDA:0,(anonymous_28)
FNDA:0,(anonymous_29)
FNDA:0,(anonymous_30)
FNDA:0,(anonymous_31)
FNDA:0,(anonymous_32)
FNDA:0,(anonymous_33)
FNDA:0,(anonymous_34)
FNDA:0,(anonymous_35)
FNDA:0,(anonymous_36)
FNDA:0,(anonymous_37)
FNDA:0,(anonymous_38)
FNDA:0,(anonymous_39)
FNDA:0,(anonymous_40)
FNDA:0,(anonymous_41)
FNDA:0,(anonymous_42)
FNDA:0,(anonymous_43)
FNDA:0,(anonymous_44)
FNDA:0,(anonymous_45)
FNDA:0,(anonymous_46)
FNDA:0,(anonymous_47)
FNDA:0,(anonymous_48)
FNDA:0,(anonymous_49)
FNDA:0,(anonymous_50)
FNDA:0,(anonymous_51)
FNDA:0,(anonymous_52)
FNDA:0,(anonymous_53)
FNDA:0,(anonymous_54)
FNDA:0,(anonymous_55)
FNDA:0,(anonymous_56)
FNDA:0,(anonymous_57)
FNDA:0,(anonymous_58)
FNDA:0,(anonymous_59)
FNDA:0,(anonymous_60)
FNDA:0,(anonymous_61)
FNDA:0,(anonymous_62)
FNDA:0,(anonymous_63)
FNDA:0,(anonymous_64)
FNDA:0,(anonymous_65)
FNDA:0,(anonymous_66)
FNDA:0,(anonymous_67)
FNDA:0,(anonymous_68)
FNDA:0,(anonymous_69)
FNDA:0,(anonymous_70)
FNDA:0,(anonymous_71)
FNDA:0,(anonymous_72)
FNDA:0,(anonymous_73)
FNDA:0,(anonymous_74)
FNDA:0,(anonymous_75)
FNDA:0,(anonymous_76)
FNDA:0,(anonymous_77)
FNDA:0,(anonymous_78)
FNDA:0,(anonymous_79)
FNDA:0,(anonymous_80)
FNDA:0,(anonymous_81)
FNDA:0,(anonymous_82)
FNDA:0,(anonymous_83)
FNDA:0,(anonymous_84)
FNDA:0,(anonymous_85)
FNDA:0,(anonymous_86)
FNDA:0,(anonymous_87)
FNDA:0,(anonymous_88)
FNDA:0,(anonymous_89)
FNDA:0,(anonymous_90)
FNDA:0,(anonymous_91)
FNDA:0,(anonymous_92)
FNDA:0,(anonymous_93)
FNDA:0,(anonymous_94)
FNDA:0,(anonymous_95)
FNDA:0,(anonymous_96)
FNDA:0,(anonymous_97)
FNDA:0,(anonymous_98)
FNDA:0,(anonymous_99)
FNDA:0,(anonymous_100)
FNDA:0,(anonymous_101)
FNDA:0,(anonymous_102)
FNDA:0,(anonymous_103)
FNDA:0,(anonymous_104)
FNDA:0,(anonymous_105)
FNDA:0,(anonymous_106)
FNDA:0,(anonymous_107)
FNDA:0,(anonymous_108)
FNDA:0,(anonymous_109)
FNDA:0,(anonymous_110)
FNDA:0,(anonymous_111)
FNDA:0,(anonymous_112)
FNDA:0,(anonymous_113)
FNDA:0,(anonymous_114)
FNDA:0,(anonymous_115)
FNDA:0,(anonymous_116)
FNDA:0,(anonymous_117)
FNDA:0,(anonymous_118)
FNDA:0,(anonymous_119)
FNDA:0,(anonymous_120)
FNDA:0,(anonymous_121)
FNDA:0,(anonymous_122)
FNDA:0,(anonymous_123)
FNDA:0,(anonymous_124)
FNDA:0,(anonymous_125)
FNDA:0,(anonymous_126)
FNDA:0,(anonymous_127)
FNDA:0,(anonymous_128)
FNDA:0,(anonymous_129)
FNDA:0,(anonymous_130)
FNDA:0,(anonymous_131)
FNDA:0,(anonymous_132)
FNDA:0,(anonymous_133)
FNDA:0,(anonymous_134)
FNDA:0,(anonymous_135)
FNDA:0,(anonymous_136)
FNDA:0,(anonymous_137)
FNDA:0,(anonymous_138)
FNDA:0,(anonymous_139)
FNDA:0,(anonymous_140)
DA:3,0
DA:4,0
DA:5,0
DA:11,0
DA:18,0
DA:19,0
DA:21,0
DA:22,0
DA:23,0
DA:24,0
DA:26,0
DA:27,0
DA:28,0
DA:29,0
DA:34,0
DA:35,0
DA:37,0
DA:38,0
DA:39,0
DA:40,0
DA:41,0
DA:42,0
DA:43,0
DA:44,0
DA:45,0
DA:46,0
DA:47,0
DA:48,0
DA:49,0
DA:50,0
DA:51,0
DA:52,0
DA:53,0
DA:54,0
DA:57,0
DA:58,0
DA:59,0
DA:60,0
DA:61,0
DA:62,0
DA:63,0
DA:66,0
DA:67,0
DA:68,0
DA:69,0
DA:70,0
DA:71,0
DA:72,0
DA:73,0
DA:74,0
DA:75,0
DA:76,0
DA:77,0
DA:80,0
DA:81,0
DA:84,0
DA:119,0
DA:120,0
DA:121,0
DA:122,0
DA:125,0
DA:126,0
DA:128,0
DA:130,0
DA:131,0
DA:136,0
DA:137,0
DA:138,0
DA:139,0
DA:140,0
DA:143,0
DA:168,0
DA:169,0
DA:171,0
DA:172,0
DA:173,0
DA:178,0
DA:182,0
DA:184,0
DA:190,0
DA:192,0
DA:195,0
DA:196,0
DA:197,0
DA:198,0
DA:201,0
DA:226,0
DA:227,0
DA:232,0
DA:238,0
DA:240,0
DA:241,0
DA:242,0
DA:245,0
DA:270,0
DA:271,0
DA:274,0
DA:275,0
DA:277,0
DA:287,0
DA:290,0
DA:315,0
DA:317,0
DA:347,0
DA:350,0
DA:389,0
DA:392,0
DA:393,0
DA:394,0
DA:397,0
DA:422,0
DA:423,0
DA:431,0
DA:434,0
DA:435,0
DA:436,0
DA:439,0
DA:464,0
DA:465,0
DA:472,0
DA:476,0
DA:477,0
DA:482,0
DA:499,0
DA:521,0
DA:539,0
DA:562,0
DA:581,0
DA:597,0
DA:598,0
DA:599,0
DA:601,0
DA:602,0
DA:604,0
DA:605,0
DA:607,0
DA:608,0
DA:613,0
DA:614,0
DA:615,0
DA:616,0
DA:619,0
DA:622,0
DA:628,0
DA:629,0
DA:631,0
DA:632,0
DA:634,0
DA:637,0
DA:639,0
DA:640,0
DA:644,0
DA:646,0
DA:647,0
DA:652,0
DA:653,0
DA:654,0
DA:657,0
DA:660,0
DA:666,0
DA:667,0
DA:670,0
DA:673,0
DA:678,0
DA:682,0
DA:683,0
DA:685,0
DA:686,0
DA:688,0
DA:689,0
DA:694,0
DA:695,0
DA:696,0
DA:697,0
DA:700,0
DA:703,0
DA:709,0
DA:710,0
DA:712,0
DA:713,0
DA:715,0
DA:718,0
DA:720,0
DA:721,0
DA:725,0
DA:727,0
DA:728,0
DA:733,0
DA:734,0
DA:735,0
DA:738,0
DA:741,0
DA:747,0
DA:748,0
DA:751,0
DA:754,0
DA:759,0
DA:763,0
DA:765,0
DA:767,0
DA:769,0
DA:770,0
DA:771,0
DA:772,0
DA:776,0
DA:777,0
DA:783,0
DA:784,0
DA:785,0
DA:786,0
DA:788,0
DA:789,0
DA:792,0
DA:795,0
DA:796,0
DA:797,0
DA:799,0
DA:800,0
DA:805,0
DA:806,0
DA:807,0
DA:813,0
DA:815,0
DA:816,0
DA:818,0
DA:821,0
DA:822,0
DA:826,0
DA:827,0
DA:828,0
DA:834,0
DA:836,0
DA:837,0
DA:839,0
DA:842,0
DA:843,0
DA:847,0
DA:848,0
DA:849,0
DA:855,0
DA:857,0
DA:858,0
DA:860,0
DA:863,0
DA:864,0
DA:868,0
DA:869,0
DA:870,0
DA:871,0
DA:872,0
DA:873,0
DA:877,0
DA:878,0
DA:880,0
DA:883,0
DA:885,0
DA:887,0
DA:888,0
DA:890,0
DA:891,0
DA:896,0
DA:897,0
DA:900,0
DA:909,0
DA:910,0
DA:912,0
DA:917,0
DA:918,0
DA:921,0
DA:925,0
DA:935,0
DA:936,0
DA:939,0
DA:942,0
DA:951,0
DA:952,0
DA:954,0
DA:958,0
DA:960,0
DA:968,0
DA:969,0
DA:971,0
DA:977,0
DA:979,0
DA:984,0
DA:985,0
DA:986,0
DA:990,0
DA:1000,0
DA:1001,0
DA:1004,0
DA:1008,0
DA:1011,0
DA:1014,0
DA:1023,0
DA:1024,0
DA:1026,0
DA:1033,0
DA:1035,0
DA:1036,0
DA:1041,0
DA:1042,0
DA:1047,0
DA:1048,0
DA:1051,0
DA:1055,0
DA:1065,0
DA:1066,0
DA:1068,0
DA:1069,0
DA:1074,0
DA:1075,0
DA:1081,0
DA:1087,0
DA:1089,0
DA:1097,0
DA:1098,0
DA:1100,0
DA:1106,0
DA:1108,0
DA:1113,0
DA:1114,0
DA:1115,0
DA:1119,0
DA:1129,0
DA:1130,0
DA:1133,0
DA:1137,0
DA:1138,0
DA:1146,0
DA:1147,0
DA:1153,0
DA:1158,0
DA:1159,0
DA:1160,0
DA:1164,0
DA:1165,0
DA:1169,0
DA:1170,0
DA:1171,0
DA:1174,0
DA:1175,0
DA:1178,0
DA:1179,0
DA:1180,0
DA:1183,0
DA:1184,0
DA:1187,0
DA:1188,0
DA:1189,0
DA:1192,0
DA:1193,0
DA:1196,0
DA:1197,0
DA:1198,0
DA:1201,0
DA:1202,0
DA:1206,0
DA:1207,0
DA:1209,0
DA:1216,0
DA:1220,0
DA:1221,0
DA:1223,0
DA:1224,0
DA:1226,0
DA:1235,0
DA:1242,0
DA:1243,0
DA:1244,0
DA:1251,0
DA:1256,0
DA:1262,0
DA:1265,0
DA:1266,0
DA:1272,0
DA:1277,0
DA:1278,0
DA:1280,0
DA:1287,0
DA:1291,0
DA:1292,0
DA:1294,0
DA:1295,0
DA:1297,0
DA:1306,0
DA:1313,0
DA:1314,0
DA:1315,0
DA:1322,0
DA:1327,0
DA:1333,0
DA:1336,0
DA:1337,0
DA:1343,0
DA:1348,0
DA:1349,0
DA:1353,0
DA:1357,0
DA:1358,0
DA:1360,0
DA:1361,0
DA:1363,0
DA:1364,0
DA:1367,0
DA:1370,0
DA:1373,0
DA:1379,0
DA:1386,0
DA:1387,0
DA:1388,0
DA:1395,0
DA:1400,0
DA:1406,0
DA:1409,0
DA:1410,0
DA:1416,0
DA:1421,0
DA:1422,0
DA:1424,0
DA:1427,0
DA:1431,0
DA:1432,0
DA:1434,0
DA:1435,0
DA:1437,0
DA:1443,0
DA:1450,0
DA:1451,0
DA:1452,0
DA:1459,0
DA:1464,0
DA:1470,0
DA:1473,0
DA:1474,0
DA:1480,0
DA:1485,0
DA:1486,0
DA:1488,0
DA:1491,0
DA:1495,0
DA:1496,0
DA:1498,0
DA:1499,0
DA:1501,0
DA:1507,0
DA:1514,0
DA:1515,0
DA:1516,0
DA:1523,0
DA:1528,0
DA:1534,0
DA:1537,0
DA:1538,0
DA:1544,0
DA:1549,0
DA:1550,0
DA:1552,0
DA:1553,0
DA:1555,0
DA:1572,0
DA:1573,0
DA:1575,0
DA:1576,0
DA:1582,0
DA:1589,0
DA:1595,0
DA:1596,0
DA:1600,0
DA:1603,0
DA:1604,0
DA:1610,0
DA:1615,0
DA:1616,0
DA:1618,0
DA:1619,0
DA:1621,0
DA:1643,0
DA:1644,0
DA:1646,0
DA:1647,0
DA:1653,0
DA:1660,0
DA:1666,0
DA:1667,0
DA:1671,0
DA:1674,0
DA:1675,0
DA:1681,0
DA:1686,0
DA:1687,0
DA:1689,0
DA:1690,0
DA:1692,0
DA:1710,0
DA:1711,0
DA:1713,0
DA:1714,0
DA:1720,0
DA:1727,0
DA:1733,0
DA:1734,0
DA:1738,0
DA:1741,0
DA:1742,0
DA:1748,0
DA:1753,0
DA:1754,0
DA:1755,0
DA:1756,0
DA:1764,0
DA:1765,0
DA:1776,0
DA:1777,0
DA:1779,0
DA:1780,0
DA:1782,0
DA:1802,0
DA:1803,0
DA:1805,0
DA:1806,0
DA:1812,0
DA:1819,0
DA:1825,0
DA:1826,0
DA:1830,0
DA:1833,0
DA:1834,0
DA:1840,0
DA:1845,0
DA:1846,0
DA:1848,0
DA:1851,0
DA:1856,0
DA:1858,0
DA:1860,0
DA:1861,0
DA:1866,0
DA:1867,0
DA:1869,0
DA:1870,0
DA:1872,0
DA:1873,0
DA:1876,0
DA:1879,0
DA:1880,0
DA:1881,0
DA:1882,0
DA:1883,0
DA:1884,0
DA:1885,0
DA:1889,0
DA:1890,0
DA:1891,0
DA:1892,0
DA:1893,0
DA:1894,0
DA:1895,0
DA:1899,0
DA:1903,0
DA:1911,0
DA:1922,0
DA:1925,0
DA:1926,0
DA:1941,0
DA:1942,0
DA:1944,0
DA:1946,0
DA:1951,0
DA:1952,0
DA:1967,0
DA:1968,0
DA:1970,0
DA:1972,0
DA:1980,0
DA:1998,0
DA:1999,0
DA:2000,0
DA:2004,0
DA:2010,0
DA:2011,0
DA:2012,0
DA:2013,0
DA:2014,0
DA:2015,0
DA:2017,0
DA:2024,0
DA:2034,0
DA:2035,0
DA:2036,0
DA:2041,0
DA:2045,0
DA:2062,0
DA:2063,0
DA:2065,0
DA:2067,0
DA:2084,0
DA:2085,0
DA:2088,0
DA:2091,0
DA:2092,0
DA:2095,0
DA:2105,0
DA:2106,0
DA:2111,0
DA:2119,0
DA:2125,0
DA:2126,0
DA:2132,0
DA:2138,0
DA:2152,0
DA:2166,0
DA:2173,0
DA:2185,0
DA:2198,0
DA:2214,0
DA:2221,0
DA:2261,0
DA:2269,0
DA:2384,0
DA:2422,0
DA:2537,0
DA:2554,0
DA:2775,0
DA:2797,0
DA:2810,0
DA:2822,0
DA:2834,0
DA:2844,0
DA:2866,0
DA:2910,0
DA:2922,0
DA:2935,0
DA:2947,0
DA:2957,0
DA:2980,0
DA:2990,0
DA:3012,0
DA:3019,0
DA:3067,0
DA:3087,0
DA:3099,0
DA:3112,0
DA:3125,0
DA:3135,0
DA:3199,0
DA:3222,0
DA:3235,0
DA:3245,0
DA:3267,0
DA:3289,0
DA:3340,0
DA:3361,0
DA:3374,0
DA:3387,0
DA:3400,0
DA:3413,0
DA:3423,0
DA:3490,0
DA:3528,0
DA:3556,0
DA:3591,0
DA:3616,0
DA:3629,0
DA:3687,0
DA:3745,0
DA:3772,0
DA:3797,0
DA:3812,0
DA:3827,0
DA:3842,0
DA:3857,0
DA:3872,0
DA:3885,0
DA:3898,0
DA:3972,0
DA:4050,0
DA:4069,0
DA:4098,0
DA:4112,0
DA:4125,0
DA:4182,0
DA:4200,0
DA:4271,0
DA:4335,0
DA:4348,0
DA:4436,0
DA:4437,0
DA:4472,0
DA:4473,0
DA:4524,0
DA:4525,0
DA:4554,0
DA:4587,0
DA:4589,0
LF:695
LH:0
BRDA:136,0,0,0
BRDA:137,1,0,0
BRDA:138,2,0,0
BRDA:138,2,1,0
BRDA:146,3,0,0
BRDA:146,3,1,0
BRDA:147,4,0,0
BRDA:147,4,1,0
BRDA:148,5,0,0
BRDA:148,5,1,0
BRDA:149,6,0,0
BRDA:149,6,1,0
BRDA:154,7,0,0
BRDA:154,7,1,0
BRDA:155,8,0,0
BRDA:155,8,1,0
BRDA:156,9,0,0
BRDA:156,9,1,0
BRDA:157,10,0,0
BRDA:157,10,1,0
BRDA:158,11,0,0
BRDA:158,11,1,0
BRDA:159,12,0,0
BRDA:159,12,1,0
BRDA:160,13,0,0
BRDA:160,13,1,0
BRDA:161,14,0,0
BRDA:161,14,1,0
BRDA:162,15,0,0
BRDA:162,15,1,0
BRDA:164,16,0,0
BRDA:164,16,1,0
BRDA:165,17,0,0
BRDA:165,17,1,0
BRDA:190,18,0,0
BRDA:190,18,1,0
BRDA:195,19,0,0
BRDA:195,20,0,0
BRDA:195,20,1,0
BRDA:196,21,0,0
BRDA:204,22,0,0
BRDA:204,22,1,0
BRDA:205,23,0,0
BRDA:205,23,1,0
BRDA:206,24,0,0
BRDA:206,24,1,0
BRDA:207,25,0,0
BRDA:207,25,1,0
BRDA:212,26,0,0
BRDA:212,26,1,0
BRDA:213,27,0,0
BRDA:213,27,1,0
BRDA:214,28,0,0
BRDA:214,28,1,0
BRDA:215,29,0,0
BRDA:215,29,1,0
BRDA:216,30,0,0
BRDA:216,30,1,0
BRDA:217,31,0,0
BRDA:217,31,1,0
BRDA:218,32,0,0
BRDA:218,32,1,0
BRDA:219,33,0,0
BRDA:219,33,1,0
BRDA:220,34,0,0
BRDA:220,34,1,0
BRDA:222,35,0,0
BRDA:222,35,1,0
BRDA:223,36,0,0
BRDA:223,36,1,0
BRDA:238,37,0,0
BRDA:238,37,1,0
BRDA:240,38,0,0
BRDA:248,39,0,0
BRDA:248,39,1,0
BRDA:249,40,0,0
BRDA:249,40,1,0
BRDA:250,41,0,0
BRDA:250,41,1,0
BRDA:251,42,0,0
BRDA:251,42,1,0
BRDA:256,43,0,0
BRDA:256,43,1,0
BRDA:257,44,0,0
BRDA:257,44,1,0
BRDA:258,45,0,0
BRDA:258,45,1,0
BRDA:259,46,0,0
BRDA:259,46,1,0
BRDA:260,47,0,0
BRDA:260,47,1,0
BRDA:261,48,0,0
BRDA:261,48,1,0
BRDA:262,49,0,0
BRDA:262,49,1,0
BRDA:263,50,0,0
BRDA:263,50,1,0
BRDA:264,51,0,0
BRDA:264,51,1,0
BRDA:266,52,0,0
BRDA:266,52,1,0
BRDA:267,53,0,0
BRDA:267,53,1,0
BRDA:275,54,0,0
BRDA:279,55,0,0
BRDA:279,55,1,0
BRDA:280,56,0,0
BRDA:280,56,1,0
BRDA:281,57,0,0
BRDA:281,57,1,0
BRDA:282,58,0,0
BRDA:282,58,1,0
BRDA:283,59,0,0
BRDA:283,59,1,0
BRDA:284,60,0,0
BRDA:284,60,1,0
BRDA:291,61,0,0
BRDA:291,61,1,0
BRDA:292,62,0,0
BRDA:292,62,1,0
BRDA:293,63,0,0
BRDA:293,63,1,0
BRDA:294,64,0,0
BRDA:294,64,1,0
BRDA:295,65,0,0
BRDA:295,65,1,0
BRDA:296,66,0,0
BRDA:296,66,1,0
BRDA:297,67,0,0
BRDA:297,67,1,0
BRDA:298,68,0,0
BRDA:298,68,1,0
BRDA:299,69,0,0
BRDA:299,69,1,0
BRDA:300,70,0,0
BRDA:300,70,1,0
BRDA:312,71,0,0
BRDA:312,71,1,0
BRDA:312,72,0,0
BRDA:312,72,1,0
BRDA:315,73,0,0
BRDA:320,74,0,0
BRDA:320,74,1,0
BRDA:320,75,0,0
BRDA:320,75,1,0
BRDA:322,76,0,0
BRDA:322,76,1,0
BRDA:325,77,0,0
BRDA:325,77,1,0
BRDA:325,78,0,0
BRDA:325,78,1,0
BRDA:327,79,0,0
BRDA:327,79,1,0
BRDA:330,80,0,0
BRDA:330,80,1,0
BRDA:330,81,0,0
BRDA:330,81,1,0
BRDA:330,82,0,0
BRDA:330,82,1,0
BRDA:334,83,0,0
BRDA:334,83,1,0
BRDA:334,84,0,0
BRDA:334,84,1,0
BRDA:334,85,0,0
BRDA:334,85,1,0
BRDA:338,86,0,0
BRDA:338,86,1,0
BRDA:339,87,0,0
BRDA:339,87,1,0
BRDA:340,88,0,0
BRDA:340,88,1,0
BRDA:342,89,0,0
BRDA:342,89,1,0
BRDA:343,90,0,0
BRDA:343,90,1,0
BRDA:344,91,0,0
BRDA:344,91,1,0
BRDA:352,92,0,0
BRDA:352,92,1,0
BRDA:353,93,0,0
BRDA:353,93,1,0
BRDA:354,94,0,0
BRDA:354,94,1,0
BRDA:355,95,0,0
BRDA:355,95,1,0
BRDA:356,96,0,0
BRDA:356,96,1,0
BRDA:357,97,0,0
BRDA:357,97,1,0
BRDA:360,98,0,0
BRDA:360,98,1,0
BRDA:360,99,0,0
BRDA:360,99,1,0
BRDA:360,100,0,0
BRDA:360,100,1,0
BRDA:361,101,0,0
BRDA:361,101,1,0
BRDA:361,102,0,0
BRDA:361,102,1,0
BRDA:362,103,0,0
BRDA:362,103,1,0
BRDA:362,104,0,0
BRDA:362,104,1,0
BRDA:363,105,0,0
BRDA:363,105,1,0
BRDA:363,105,2,0
BRDA:364,106,0,0
BRDA:364,106,1,0
BRDA:364,106,2,0
BRDA:367,107,0,0
BRDA:367,107,1,0
BRDA:368,108,0,0
BRDA:368,108,1,0
BRDA:369,109,0,0
BRDA:369,109,1,0
BRDA:370,110,0,0
BRDA:370,110,1,0
BRDA:373,111,0,0
BRDA:373,111,1,0
BRDA:374,112,0,0
BRDA:374,112,1,0
BRDA:375,113,0,0
BRDA:375,113,1,0
BRDA:376,114,0,0
BRDA:376,114,1,0
BRDA:379,115,0,0
BRDA:379,115,1,0
BRDA:380,116,0,0
BRDA:380,116,1,0
BRDA:381,117,0,0
BRDA:381,117,1,0
BRDA:382,118,0,0
BRDA:382,118,1,0
BRDA:383,119,0,0
BRDA:383,119,1,0
BRDA:384,120,0,0
BRDA:384,120,1,0
BRDA:385,121,0,0
BRDA:385,121,1,0
BRDA:392,122,0,0
BRDA:392,122,1,0
BRDA:400,123,0,0
BRDA:400,123,1,0
BRDA:401,124,0,0
BRDA:401,124,1,0
BRDA:402,125,0,0
BRDA:402,125,1,0
BRDA:403,126,0,0
BRDA:403,126,1,0
BRDA:408,127,0,0
BRDA:408,127,1,0
BRDA:409,128,0,0
BRDA:409,128,1,0
BRDA:410,129,0,0
BRDA:410,129,1,0
BRDA:411,130,0,0
BRDA:411,130,1,0
BRDA:412,131,0,0
BRDA:412,131,1,0
BRDA:413,132,0,0
BRDA:413,132,1,0
BRDA:414,133,0,0
BRDA:414,133,1,0
BRDA:415,134,0,0
BRDA:415,134,1,0
BRDA:416,135,0,0
BRDA:416,135,1,0
BRDA:418,136,0,0
BRDA:418,136,1,0
BRDA:419,137,0,0
BRDA:419,137,1,0
BRDA:434,138,0,0
BRDA:434,138,1,0
BRDA:442,139,0,0
BRDA:442,139,1,0
BRDA:443,140,0,0
BRDA:443,140,1,0
BRDA:444,141,0,0
BRDA:444,141,1,0
BRDA:445,142,0,0
BRDA:445,142,1,0
BRDA:450,143,0,0
BRDA:450,143,1,0
BRDA:451,144,0,0
BRDA:451,144,1,0
BRDA:452,145,0,0
BRDA:452,145,1,0
BRDA:453,146,0,0
BRDA:453,146,1,0
BRDA:454,147,0,0
BRDA:454,147,1,0
BRDA:455,148,0,0
BRDA:455,148,1,0
BRDA:456,149,0,0
BRDA:456,149,1,0
BRDA:457,150,0,0
BRDA:457,150,1,0
BRDA:458,151,0,0
BRDA:458,151,1,0
BRDA:460,152,0,0
BRDA:460,152,1,0
BRDA:461,153,0,0
BRDA:461,153,1,0
BRDA:476,154,0,0
BRDA:598,155,0,0
BRDA:604,156,0,0
BRDA:604,156,1,0
BRDA:613,157,0,0
BRDA:613,158,0,0
BRDA:613,158,1,0
BRDA:628,159,0,0
BRDA:628,159,1,0
BRDA:634,160,0,0
BRDA:634,160,1,0
BRDA:652,161,0,0
BRDA:652,162,0,0
BRDA:652,162,1,0
BRDA:666,163,0,0
BRDA:666,163,1,0
BRDA:670,164,0,0
BRDA:670,164,1,0
BRDA:685,165,0,0
BRDA:685,165,1,0
BRDA:694,166,0,0
BRDA:694,167,0,0
BRDA:694,167,1,0
BRDA:709,168,0,0
BRDA:709,168,1,0
BRDA:715,169,0,0
BRDA:715,169,1,0
BRDA:733,170,0,0
BRDA:733,171,0,0
BRDA:733,171,1,0
BRDA:747,172,0,0
BRDA:747,172,1,0
BRDA:751,173,0,0
BRDA:751,173,1,0
BRDA:765,174,0,0
BRDA:769,175,0,0
BRDA:783,176,0,0
BRDA:783,176,1,0
BRDA:784,177,0,0
BRDA:784,177,1,0
BRDA:792,178,0,0
BRDA:792,178,1,0
BRDA:795,179,0,0
BRDA:795,179,1,0
BRDA:813,180,0,0
BRDA:813,180,1,0
BRDA:818,181,0,0
BRDA:818,181,1,0
BRDA:834,182,0,0
BRDA:834,182,1,0
BRDA:839,183,0,0
BRDA:839,183,1,0
BRDA:855,184,0,0
BRDA:855,184,1,0
BRDA:860,185,0,0
BRDA:860,185,1,0
BRDA:878,186,0,0
BRDA:878,187,0,0
BRDA:878,187,1,0
BRDA:887,188,0,0
BRDA:887,188,1,0
BRDA:896,189,0,0
BRDA:896,190,0,0
BRDA:896,190,1,0
BRDA:935,191,0,0
BRDA:935,191,1,0
BRDA:958,192,0,0
BRDA:984,193,0,0
BRDA:984,194,0,0
BRDA:984,194,1,0
BRDA:1000,195,0,0
BRDA:1041,196,0,0
BRDA:1041,197,0,0
BRDA:1041,197,1,0
BRDA:1065,198,0,0
BRDA:1065,198,1,0
BRDA:1068,199,0,0
BRDA:1068,199,1,0
BRDA:1074,200,0,0
BRDA:1074,200,1,0
BRDA:1087,201,0,0
BRDA:1113,202,0,0
BRDA:1113,203,0,0
BRDA:1113,203,1,0
BRDA:1129,204,0,0
BRDA:1207,205,0,0
BRDA:1207,206,0,0
BRDA:1207,206,1,0
BRDA:1210,207,0,0
BRDA:1210,207,1,0
BRDA:1211,208,0,0
BRDA:1211,208,1,0
BRDA:1212,209,0,0
BRDA:1212,209,1,0
BRDA:1213,210,0,0
BRDA:1213,210,1,0
BRDA:1221,211,0,0
BRDA:1242,212,0,0
BRDA:1242,212,1,0
BRDA:1278,213,0,0
BRDA:1278,214,0,0
BRDA:1278,214,1,0
BRDA:1281,215,0,0
BRDA:1281,215,1,0
BRDA:1282,216,0,0
BRDA:1282,216,1,0
BRDA:1283,217,0,0
BRDA:1283,217,1,0
BRDA:1284,218,0,0
BRDA:1284,218,1,0
BRDA:1292,219,0,0
BRDA:1313,220,0,0
BRDA:1313,220,1,0
BRDA:1358,221,0,0
BRDA:1358,222,0,0
BRDA:1358,222,1,0
BRDA:1358,222,2,0
BRDA:1386,223,0,0
BRDA:1386,223,1,0
BRDA:1422,224,0,0
BRDA:1422,225,0,0
BRDA:1422,225,1,0
BRDA:1422,225,2,0
BRDA:1432,226,0,0
BRDA:1432,227,0,0
BRDA:1432,227,1,0
BRDA:1450,228,0,0
BRDA:1450,228,1,0
BRDA:1486,229,0,0
BRDA:1486,230,0,0
BRDA:1486,230,1,0
BRDA:1486,230,2,0
BRDA:1496,231,0,0
BRDA:1496,232,0,0
BRDA:1496,232,1,0
BRDA:1514,233,0,0
BRDA:1514,233,1,0
BRDA:1550,234,0,0
BRDA:1550,235,0,0
BRDA:1550,235,1,0
BRDA:1572,236,0,0
BRDA:1572,236,1,0
BRDA:1575,237,0,0
BRDA:1575,237,1,0
BRDA:1595,238,0,0
BRDA:1595,239,0,0
BRDA:1595,239,1,0
BRDA:1616,240,0,0
BRDA:1616,241,0,0
BRDA:1616,241,1,0
BRDA:1643,242,0,0
BRDA:1643,242,1,0
BRDA:1646,243,0,0
BRDA:1646,243,1,0
BRDA:1666,244,0,0
BRDA:1666,245,0,0
BRDA:1666,245,1,0
BRDA:1687,246,0,0
BRDA:1687,247,0,0
BRDA:1687,247,1,0
BRDA:1710,248,0,0
BRDA:1710,248,1,0
BRDA:1713,249,0,0
BRDA:1713,249,1,0
BRDA:1733,250,0,0
BRDA:1733,251,0,0
BRDA:1733,251,1,0
BRDA:1754,252,0,0
BRDA:1755,253,0,0
BRDA:1757,254,0,0
BRDA:1757,254,1,0
BRDA:1758,255,0,0
BRDA:1758,255,1,0
BRDA:1759,256,0,0
BRDA:1759,256,1,0
BRDA:1760,257,0,0
BRDA:1760,257,1,0
BRDA:1764,258,0,0
BRDA:1766,259,0,0
BRDA:1766,259,1,0
BRDA:1767,260,0,0
BRDA:1767,260,1,0
BRDA:1768,261,0,0
BRDA:1768,261,1,0
BRDA:1769,262,0,0
BRDA:1769,262,1,0
BRDA:1777,263,0,0
BRDA:1777,264,0,0
BRDA:1777,264,1,0
BRDA:1802,265,0,0
BRDA:1802,265,1,0
BRDA:1805,266,0,0
BRDA:1805,266,1,0
BRDA:1825,267,0,0
BRDA:1825,268,0,0
BRDA:1825,268,1,0
BRDA:1867,269,0,0
BRDA:1876,270,0,0
BRDA:1876,270,1,0
BRDA:1880,271,0,0
BRDA:1880,271,1,0
BRDA:1880,271,2,0
BRDA:1880,271,3,0
BRDA:1880,271,4,0
BRDA:1890,272,0,0
BRDA:1890,272,1,0
BRDA:1890,272,2,0
BRDA:1890,272,3,0
BRDA:1890,272,4,0
BRDA:1925,273,0,0
BRDA:1925,274,0,0
BRDA:1925,274,1,0
BRDA:1925,274,2,0
BRDA:1925,274,3,0
BRDA:1941,275,0,0
BRDA:1941,275,1,0
BRDA:1951,276,0,0
BRDA:1951,277,0,0
BRDA:1951,277,1,0
BRDA:1951,277,2,0
BRDA:1951,277,3,0
BRDA:1967,278,0,0
BRDA:1967,278,1,0
BRDA:1985,279,0,0
BRDA:1985,279,1,0
BRDA:1987,280,0,0
BRDA:1987,280,1,0
BRDA:1988,281,0,0
BRDA:1988,281,1,0
BRDA:1990,282,0,0
BRDA:1990,282,1,0
BRDA:1991,283,0,0
BRDA:1991,283,1,0
BRDA:1992,284,0,0
BRDA:1992,284,1,0
BRDA:1993,285,0,0
BRDA:1993,285,1,0
BRDA:1998,286,0,0
BRDA:2010,287,0,0
BRDA:2010,287,1,0
BRDA:2034,288,0,0
BRDA:2038,289,0,0
BRDA:2038,289,1,0
BRDA:2048,290,0,0
BRDA:2048,290,1,0
BRDA:2048,291,0,0
BRDA:2048,291,1,0
BRDA:2049,292,0,0
BRDA:2049,292,1,0
BRDA:2049,293,0,0
BRDA:2049,293,1,0
BRDA:2052,294,0,0
BRDA:2052,294,1,0
BRDA:2053,295,0,0
BRDA:2053,295,1,0
BRDA:2054,296,0,0
BRDA:2054,296,1,0
BRDA:2055,297,0,0
BRDA:2055,297,1,0
BRDA:2058,298,0,0
BRDA:2058,298,1,0
BRDA:2058,299,0,0
BRDA:2058,299,1,0
BRDA:2059,300,0,0
BRDA:2059,300,1,0
BRDA:2059,301,0,0
BRDA:2059,301,1,0
BRDA:2065,302,0,0
BRDA:2070,303,0,0
BRDA:2070,303,1,0
BRDA:2071,304,0,0
BRDA:2071,304,1,0
BRDA:2074,305,0,0
BRDA:2074,305,1,0
BRDA:2075,306,0,0
BRDA:2075,306,1,0
BRDA:2076,307,0,0
BRDA:2076,307,1,0
BRDA:2077,308,0,0
BRDA:2077,308,1,0
BRDA:2080,309,0,0
BRDA:2080,309,1,0
BRDA:2081,310,0,0
BRDA:2081,310,1,0
BRDA:2091,311,0,0
BRDA:2091,312,0,0
BRDA:2091,312,1,0
BRDA:2091,312,2,0
BRDA:2091,312,3,0
BRDA:2105,313,0,0
BRDA:2105,314,0,0
BRDA:2105,314,1,0
BRDA:2105,314,2,0
BRDA:2105,314,3,0
BRDA:2106,315,0,0
BRDA:2106,315,1,0
BRDA:2138,316,0,0
BRDA:2152,317,0,0
BRDA:2185,318,0,0
BRDA:2235,319,0,0
BRDA:2235,319,1,0
BRDA:2236,320,0,0
BRDA:2236,320,1,0
BRDA:2240,321,0,0
BRDA:2240,321,1,0
BRDA:2240,322,0,0
BRDA:2240,322,1,0
BRDA:2247,323,0,0
BRDA:2247,323,1,0
BRDA:2253,324,0,0
BRDA:2253,324,1,0
BRDA:2268,325,0,0
BRDA:2268,325,1,0
BRDA:2271,326,0,0
BRDA:2271,326,1,0
BRDA:2273,327,0,0
BRDA:2273,327,1,0
BRDA:2275,328,0,0
BRDA:2281,329,0,0
BRDA:2281,329,1,0
BRDA:2340,330,0,0
BRDA:2536,331,0,0
BRDA:2536,331,1,0
BRDA:2553,332,0,0
BRDA:2553,332,1,0
BRDA:2611,333,0,0
BRDA:2611,333,1,0
BRDA:2611,334,0,0
BRDA:2611,334,1,0
BRDA:2613,335,0,0
BRDA:2613,335,1,0
BRDA:2618,336,0,0
BRDA:2618,336,1,0
BRDA:2622,337,0,0
BRDA:2622,337,1,0
BRDA:2627,338,0,0
BRDA:2627,338,1,0
BRDA:2629,339,0,0
BRDA:2629,339,1,0
BRDA:2634,340,0,0
BRDA:2634,340,1,0
BRDA:2639,341,0,0
BRDA:2639,341,1,0
BRDA:2648,342,0,0
BRDA:2648,342,1,0
BRDA:2648,343,0,0
BRDA:2648,343,1,0
BRDA:2651,344,0,0
BRDA:2651,344,1,0
BRDA:2653,345,0,0
BRDA:2653,345,1,0
BRDA:2660,346,0,0
BRDA:2660,346,1,0
BRDA:2675,347,0,0
BRDA:2675,347,1,0
BRDA:2678,348,0,0
BRDA:2678,348,1,0
BRDA:2678,349,0,0
BRDA:2678,349,1,0
BRDA:2688,350,0,0
BRDA:2688,350,1,0
BRDA:2691,351,0,0
BRDA:2691,351,1,0
BRDA:2691,352,0,0
BRDA:2691,352,1,0
BRDA:2700,353,0,0
BRDA:2700,353,1,0
BRDA:2704,354,0,0
BRDA:2704,354,1,0
BRDA:2708,355,0,0
BRDA:2708,355,1,0
BRDA:2712,356,0,0
BRDA:2712,356,1,0
BRDA:2716,357,0,0
BRDA:2716,357,1,0
BRDA:2720,358,0,0
BRDA:2720,358,1,0
BRDA:2724,359,0,0
BRDA:2724,359,1,0
BRDA:2735,360,0,0
BRDA:2734,361,0,0
BRDA:2734,361,1,0
BRDA:2763,362,0,0
BRDA:2775,363,0,0
BRDA:2775,363,1,0
BRDA:2778,364,0,0
BRDA:2778,364,1,0
BRDA:2783,365,0,0
BRDA:2796,366,0,0
BRDA:2796,366,1,0
BRDA:2809,367,0,0
BRDA:2809,367,1,0
BRDA:2821,368,0,0
BRDA:2821,368,1,0
BRDA:2833,369,0,0
BRDA:2833,369,1,0
BRDA:2852,370,0,0
BRDA:2852,370,1,0
BRDA:2861,371,0,0
BRDA:2861,371,1,0
BRDA:2875,372,0,0
BRDA:2875,372,1,0
BRDA:2897,373,0,0
BRDA:2909,374,0,0
BRDA:2909,374,1,0
BRDA:2921,375,0,0
BRDA:2921,375,1,0
BRDA:2934,376,0,0
BRDA:2934,376,1,0
BRDA:2946,377,0,0
BRDA:2946,377,1,0
BRDA:2956,378,0,0
BRDA:2956,378,1,0
BRDA:2979,379,0,0
BRDA:2979,379,1,0
BRDA:2998,380,0,0
BRDA:2998,380,1,0
BRDA:3005,381,0,0
BRDA:3005,381,1,0
BRDA:3060,382,0,0
BRDA:3067,383,0,0
BRDA:3067,383,1,0
BRDA:3070,384,0,0
BRDA:3070,384,1,0
BRDA:3075,385,0,0
BRDA:3086,386,0,0
BRDA:3086,386,1,0
BRDA:3098,387,0,0
BRDA:3098,387,1,0
BRDA:3111,388,0,0
BRDA:3111,388,1,0
BRDA:3124,389,0,0
BRDA:3124,389,1,0
BRDA:3143,390,0,0
BRDA:3143,390,1,0
BRDA:3152,391,0,0
BRDA:3158,392,0,0
BRDA:3164,393,0,0
BRDA:3170,394,0,0
BRDA:3187,395,0,0
BRDA:3199,396,0,0
BRDA:3199,396,1,0
BRDA:3202,397,0,0
BRDA:3202,397,1,0
BRDA:3207,398,0,0
BRDA:3221,399,0,0
BRDA:3221,399,1,0
BRDA:3234,400,0,0
BRDA:3234,400,1,0
BRDA:3244,401,0,0
BRDA:3244,401,1,0
BRDA:3266,402,0,0
BRDA:3266,402,1,0
BRDA:3297,403,0,0
BRDA:3297,403,1,0
BRDA:3305,404,0,0
BRDA:3311,405,0,0
BRDA:3317,406,0,0
BRDA:3323,407,0,0
BRDA:3333,408,0,0
BRDA:3340,409,0,0
BRDA:3340,409,1,0
BRDA:3343,410,0,0
BRDA:3343,410,1,0
BRDA:3348,411,0,0
BRDA:3360,412,0,0
BRDA:3360,412,1,0
BRDA:3373,413,0,0
BRDA:3373,413,1,0
BRDA:3386,414,0,0
BRDA:3386,414,1,0
BRDA:3399,415,0,0
BRDA:3399,415,1,0
BRDA:3412,416,0,0
BRDA:3412,416,1,0
BRDA:3431,417,0,0
BRDA:3431,417,1,0
BRDA:3440,418,0,0
BRDA:3446,419,0,0
BRDA:3452,420,0,0
BRDA:3458,421,0,0
BRDA:3464,422,0,0
BRDA:3493,423,0,0
BRDA:3493,423,1,0
BRDA:3497,424,0,0
BRDA:3509,425,0,0
BRDA:3509,425,1,0
BRDA:3519,426,0,0
BRDA:3519,426,1,0
BRDA:3527,427,0,0
BRDA:3527,427,1,0
BRDA:3548,428,0,0
BRDA:3548,428,1,0
BRDA:3555,429,0,0
BRDA:3555,429,1,0
BRDA:3574,430,0,0
BRDA:3574,430,1,0
BRDA:3583,431,0,0
BRDA:3583,431,1,0
BRDA:3590,432,0,0
BRDA:3590,432,1,0
BRDA:3610,433,0,0
BRDA:3610,433,1,0
BRDA:3617,434,0,0
BRDA:3617,434,1,0
BRDA:3617,434,2,0
BRDA:3620,435,0,0
BRDA:3620,435,1,0
BRDA:3627,436,0,0
BRDA:3638,437,0,0
BRDA:3638,437,1,0
BRDA:3642,438,0,0
BRDA:3642,438,1,0
BRDA:3646,439,0,0
BRDA:3646,439,1,0
BRDA:3650,440,0,0
BRDA:3650,440,1,0
BRDA:3654,441,0,0
BRDA:3654,441,1,0
BRDA:3658,442,0,0
BRDA:3658,442,1,0
BRDA:3662,443,0,0
BRDA:3662,443,1,0
BRDA:3690,444,0,0
BRDA:3690,444,1,0
BRDA:3694,445,0,0
BRDA:3707,446,0,0
BRDA:3707,446,1,0
BRDA:3717,447,0,0
BRDA:3717,447,1,0
BRDA:3727,448,0,0
BRDA:3727,448,1,0
BRDA:3737,449,0,0
BRDA:3737,449,1,0
BRDA:3744,450,0,0
BRDA:3744,450,1,0
BRDA:3764,451,0,0
BRDA:3764,451,1,0
BRDA:3771,452,0,0
BRDA:3771,452,1,0
BRDA:3789,453,0,0
BRDA:3789,453,1,0
BRDA:3796,454,0,0
BRDA:3796,454,1,0
BRDA:3811,455,0,0
BRDA:3811,455,1,0
BRDA:3826,456,0,0
BRDA:3826,456,1,0
BRDA:3841,457,0,0
BRDA:3841,457,1,0
BRDA:3856,458,0,0
BRDA:3856,458,1,0
BRDA:3871,459,0,0
BRDA:3871,459,1,0
BRDA:3886,460,0,0
BRDA:3886,460,1,0
BRDA:3886,460,2,0
BRDA:3886,460,3,0
BRDA:3889,461,0,0
BRDA:3889,461,1,0
BRDA:3896,462,0,0
BRDA:3907,463,0,0
BRDA:3907,463,1,0
BRDA:3911,464,0,0
BRDA:3911,464,1,0
BRDA:3915,465,0,0
BRDA:3915,465,1,0
BRDA:3919,466,0,0
BRDA:3919,466,1,0
BRDA:3923,467,0,0
BRDA:3923,467,1,0
BRDA:3927,468,0,0
BRDA:3927,468,1,0
BRDA:3931,469,0,0
BRDA:3931,469,1,0
BRDA:3935,470,0,0
BRDA:3935,470,1,0
BRDA:3939,471,0,0
BRDA:3939,471,1,0
BRDA:3943,472,0,0
BRDA:3943,472,1,0
BRDA:3947,473,0,0
BRDA:3947,473,1,0
BRDA:3975,474,0,0
BRDA:3975,474,1,0
BRDA:3979,475,0,0
BRDA:3991,476,0,0
BRDA:3991,476,1,0
BRDA:4001,477,0,0
BRDA:4001,477,1,0
BRDA:4011,478,0,0
BRDA:4011,478,1,0
BRDA:4021,479,0,0
BRDA:4021,479,1,0
BRDA:4032,480,0,0
BRDA:4032,480,1,0
BRDA:4042,481,0,0
BRDA:4042,481,1,0
BRDA:4049,482,0,0
BRDA:4049,482,1,0
BRDA:4068,483,0,0
BRDA:4068,483,1,0
BRDA:4090,484,0,0
BRDA:4090,484,1,0
BRDA:4097,485,0,0
BRDA:4097,485,1,0
BRDA:4113,486,0,0
BRDA:4113,486,1,0
BRDA:4113,486,2,0
BRDA:4113,486,3,0
BRDA:4113,486,4,0
BRDA:4116,487,0,0
BRDA:4116,487,1,0
BRDA:4123,488,0,0
BRDA:4137,489,0,0
BRDA:4137,489,1,0
BRDA:4141,490,0,0
BRDA:4141,490,1,0
BRDA:4145,491,0,0
BRDA:4145,491,1,0
BRDA:4149,492,0,0
BRDA:4149,492,1,0
BRDA:4153,493,0,0
BRDA:4153,493,1,0
BRDA:4157,494,0,0
BRDA:4157,494,1,0
BRDA:4185,495,0,0
BRDA:4185,495,1,0
BRDA:4189,496,0,0
BRDA:4199,497,0,0
BRDA:4199,497,1,0
BRDA:4221,498,0,0
BRDA:4221,498,1,0
BRDA:4231,499,0,0
BRDA:4231,499,1,0
BRDA:4242,500,0,0
BRDA:4242,500,1,0
BRDA:4254,501,0,0
BRDA:4254,501,1,0
BRDA:4263,502,0,0
BRDA:4263,502,1,0
BRDA:4270,503,0,0
BRDA:4270,503,1,0
BRDA:4289,504,0,0
BRDA:4289,504,1,0
BRDA:4299,505,0,0
BRDA:4299,505,1,0
BRDA:4309,506,0,0
BRDA:4309,506,1,0
BRDA:4319,507,0,0
BRDA:4319,507,1,0
BRDA:4329,508,0,0
BRDA:4329,508,1,0
BRDA:4336,509,0,0
BRDA:4336,509,1,0
BRDA:4336,509,2,0
BRDA:4336,509,3,0
BRDA:4336,509,4,0
BRDA:4339,510,0,0
BRDA:4339,510,1,0
BRDA:4346,511,0,0
BRDA:4353,512,0,0
BRDA:4353,512,1,0
BRDA:4362,513,0,0
BRDA:4362,513,1,0
BRDA:4369,514,0,0
BRDA:4369,514,1,0
BRDA:4373,515,0,0
BRDA:4373,515,1,0
BRDA:4377,516,0,0
BRDA:4377,516,1,0
BRDA:4381,517,0,0
BRDA:4381,517,1,0
BRDA:4385,518,0,0
BRDA:4385,518,1,0
BRDA:4389,519,0,0
BRDA:4389,519,1,0
BRDA:4393,520,0,0
BRDA:4393,520,1,0
BRDA:4416,521,0,0
BRDA:4415,522,0,0
BRDA:4415,522,1,0
BRDA:4419,523,0,0
BRDA:4419,523,1,0
BRDA:4423,524,0,0
BRDA:4423,524,1,0
BRDA:4428,525,0,0
BRDA:4428,525,1,0
BRDA:4435,526,0,0
BRDA:4435,526,1,0
BRDA:4438,527,0,0
BRDA:4438,527,1,0
BRDA:4444,528,0,0
BRDA:4444,528,1,0
BRDA:4460,529,0,0
BRDA:4459,530,0,0
BRDA:4459,530,1,0
BRDA:4464,531,0,0
BRDA:4464,531,1,0
BRDA:4471,532,0,0
BRDA:4471,532,1,0
BRDA:4474,533,0,0
BRDA:4474,533,1,0
BRDA:4480,534,0,0
BRDA:4480,534,1,0
BRDA:4496,535,0,0
BRDA:4495,536,0,0
BRDA:4495,536,1,0
BRDA:4495,536,2,0
BRDA:4499,537,0,0
BRDA:4499,537,1,0
BRDA:4503,538,0,0
BRDA:4503,538,1,0
BRDA:4507,539,0,0
BRDA:4507,539,1,0
BRDA:4511,540,0,0
BRDA:4511,540,1,0
BRDA:4516,541,0,0
BRDA:4516,541,1,0
BRDA:4523,542,0,0
BRDA:4523,542,1,0
BRDA:4526,543,0,0
BRDA:4526,543,1,0
BRDA:4532,544,0,0
BRDA:4532,544,1,0
BRDA:4559,545,0,0
BRDA:4559,545,1,0
BRDA:4564,546,0,0
BRDA:4590,547,0,0
BRDA:4590,547,1,0
BRDA:4590,548,0,0
BRDA:4590,548,1,0
BRDA:4590,549,0,0
BRDA:4590,549,1,0
BRDA:4596,550,0,0
BRDA:4600,551,0,0
BRDA:4604,552,0,0
BRDA:4612,553,0,0
[...]
DA:43,0
DA:44,0
DA:45,0
DA:46,0
DA:48,0
DA:49,0
DA:52,0
DA:53,0
DA:54,0
DA:56,0
DA:61,0
DA:64,0
DA:66,0
DA:67,0
DA:68,0
DA:69,0
DA:70,0
DA:71,0
DA:72,0
DA:73,0
DA:74,0
DA:75,0
DA:76,0
DA:77,0
DA:83,0
DA:84,0
DA:88,0
DA:89,0
DA:90,0
DA:91,0
DA:93,0
DA:94,0
LF:51
LH:0
BRDA:40,0,0,0
BRDA:40,0,1,0
BRDA:44,1,0,0
BRDA:44,1,1,0
BRDA:66,2,0,0
BRDA:66,2,1,0
BRDA:66,3,0,0
BRDA:66,3,1,0
BRDA:70,4,0,0
BRDA:70,4,1,0
BRDA:74,5,0,0
BRDA:75,6,0,0
BRDA:75,6,1,0
BRF:13
BRH:0
end_of_record
TN:
SF:contexts/pipeline-context.tsx
FN:18,PipelineProvider
FN:23,(anonymous_4)
FN:36,(anonymous_5)
FN:37,(anonymous_6)
FN:40,(anonymous_7)
FN:46,(anonymous_8)
FN:52,(anonymous_9)
FN:53,(anonymous_10)
FN:56,(anonymous_11)
FN:64,(anonymous_12)
FN:65,(anonymous_13)
FN:65,(anonymous_14)
FN:69,(anonymous_15)
FN:87,usePipelines
FNF:14
FNH:0
FNDA:0,PipelineProvider
FNDA:0,(anonymous_4)
FNDA:0,(anonymous_5)
FNDA:0,(anonymous_6)
FNDA:0,(anonymous_7)
FNDA:0,(anonymous_8)
FNDA:0,(anonymous_9)
FNDA:0,(anonymous_10)
FNDA:0,(anonymous_11)
FNDA:0,(anonymous_12)
FNDA:0,(anonymous_13)
FNDA:0,(anonymous_14)
FNDA:0,(anonymous_15)
FNDA:0,usePipelines
DA:3,0
DA:5,0
DA:16,0
DA:18,0
DA:19,0
DA:20,0
DA:23,0
DA:24,0
DA:25,0
DA:26,0
DA:27,0
DA:29,0
DA:31,0
DA:36,0
DA:37,0
DA:39,0
DA:40,0
DA:41,0
DA:46,0
DA:52,0
DA:53,0
DA:55,0
DA:56,0
DA:58,0
DA:64,0
DA:65,0
DA:69,0
DA:70,0
DA:87,0
DA:88,0
DA:89,0
DA:90,0
DA:92,0
LF:33
LH:0
BRDA:39,0,0,0
BRDA:39,0,1,0
BRDA:41,1,0,0
BRDA:41,1,1,0
BRDA:46,2,0,0
BRDA:46,2,1,0
BRDA:55,3,0,0
BRDA:55,3,1,0
BRDA:89,4,0,0
BRF:9
BRH:0
end_of_record
TN:
SF:contexts/sidebar-context.tsx
FN:12,SidebarProvider
FN:14,(anonymous_7)
FN:24,(anonymous_8)
FN:37,useSidebar
FNF:4
FNH:0
FNDA:0,SidebarProvider
FNDA:0,(anonymous_7)
FNDA:0,(anonymous_8)
FNDA:0,useSidebar
DA:3,0
DA:10,0
DA:12,0
DA:14,0
DA:16,0
DA:17,0
DA:18,0
DA:20,0
DA:24,0
DA:25,0
DA:26,0
DA:37,0
DA:38,0
DA:39,0
DA:40,0
DA:42,0
LF:16
LH:0
BRDA:16,0,0,0
BRDA:18,1,0,0
BRDA:18,1,1,0
BRDA:25,2,0,0
BRDA:39,3,0,0
BRF:5
BRH:0
end_of_record
TN:
SF:lib/api-config.ts
FN:10,(anonymous_5)
FN:14,(anonymous_6)
FN:18,(anonymous_7)
FN:32,(anonymous_8)
FN:34,(anonymous_9)
FN:35,(anonymous_10)
FN:36,(anonymous_11)
FNF:7
FNH:0
FNDA:0,(anonymous_5)
FNDA:0,(anonymous_6)
FNDA:0,(anonymous_7)
FNDA:0,(anonymous_8)
FNDA:0,(anonymous_9)
FNDA:0,(anonymous_10)
FNDA:0,(anonymous_11)
DA:4,0
DA:8,0
DA:11,0
DA:15,0
DA:19,0
DA:23,0
DA:30,0
DA:32,0
DA:34,0
DA:35,0
DA:36,0
LF:11
LH:0
BRDA:4,0,0,0
BRDA:4,0,1,0
BRF:2
BRH:0
end_of_record
TN:
SF:lib/brand.ts
FN:11,(anonymous_5)
FN:15,(anonymous_6)
FN:19,(anonymous_7)
FN:24,(anonymous_8)
FN:28,(anonymous_9)
FN:32,(anonymous_10)
FN:36,(anonymous_11)
FN:40,(anonymous_12)
FN:45,(anonymous_13)
FNF:9
FNH:0
FNDA:0,(anonymous_5)
FNDA:0,(anonymous_6)
FNDA:0,(anonymous_7)
FNDA:0,(anonymous_8)
FNDA:0,(anonymous_9)
FNDA:0,(anonymous_10)
FNDA:0,(anonymous_11)
FNDA:0,(anonymous_12)
FNDA:0,(anonymous_13)
DA:6,0
DA:12,0
DA:16,0
DA:20,0
DA:25,0
DA:29,0
DA:33,0
DA:37,0
DA:41,0
DA:46,0
DA:53,0
LF:11
LH:0
BRDA:7,0,0,0
BRDA:7,0,1,0
BRDA:8,1,0,0
BRDA:8,1,1,0
BRF:4
BRH:0
end_of_record
TN:
SF:lib/constants.ts
FNF:0
FNH:0
DA:1,0
DA:2,0
DA:3,0
DA:6,0
DA:7,0
DA:8,0
DA:9,0
DA:10,0
DA:11,0
DA:12,0
DA:13,0
LF:11
LH:0
BRF:0
BRH:0
end_of_record
TN:
SF:lib/document-service.ts
FN:35,generateDocument
FN:52,(anonymous_7)
FN:72,getDocuments
FN:81,(anonymous_9)
FN:101,downloadDocument
FN:126,getDocumentDownloadUrl
FNF:6
FNH:0
FNDA:0,generateDocument
FNDA:0,(anonymous_7)
FNDA:0,getDocuments
FNDA:0,(anonymous_9)
FNDA:0,downloadDocument
FNDA:0,getDocumentDownloadUrl
DA:6,0
DA:35,0
DA:39,0
DA:40,0
DA:42,0
DA:51,0
DA:52,0
DA:53,0
DA:59,0
DA:61,0
DA:62,0
DA:72,0
DA:73,0
DA:74,0
DA:80,0
DA:81,0
DA:82,0
DA:88,0
DA:90,0
DA:91,0
DA:101,0
DA:102,0
DA:103,0
DA:109,0
DA:110,0
DA:113,0
DA:115,0
DA:116,0
DA:126,0
DA:127,0
DA:131,0
DA:138,0
LF:32
LH:0
BRDA:51,0,0,0
BRDA:54,1,0,0
BRDA:54,1,1,0
BRDA:80,2,0,0
BRDA:83,3,0,0
BRDA:83,3,1,0
BRDA:109,4,0,0
BRF:7
BRH:0
end_of_record
TN:
SF:lib/form-transformers.ts
FN:124,formatDate
FN:143,parseDate
FN:167,transformAutoFormToApiFormat
FN:185,(anonymous_13)
FN:206,(anonymous_14)
FN:234,transformApiToAutoFormFormat
FN:252,(anonymous_16)
FN:275,(anonymous_17)
FN:305,mapAutoFormToDocumentPlaceholders
FN:333,(anonymous_19)
FN:371,transformHomeFormToApiFormat
FN:381,transformSpecialtyFormToApiFormat
FN:390,(anonymous_22)
FN:412,transformClientFormToApiFormat
FN:427,prepareQuoteDataForSubmission
FNF:15
FNH:12
FNDA:7,formatDate
FNDA:5,parseDate
FNDA:3,transformAutoFormToApiFormat
FNDA:1,(anonymous_13)
FNDA:1,(anonymous_14)
FNDA:2,transformApiToAutoFormFormat
FNDA:1,(anonymous_16)
FNDA:1,(anonymous_17)
FNDA:2,mapAutoFormToDocumentPlaceholders
FNDA:1,(anonymous_19)
FNDA:0,transformHomeFormToApiFormat
FNDA:0,transformSpecialtyFormToApiFormat
FNDA:0,(anonymous_22)
FNDA:2,transformClientFormToApiFormat
FNDA:1,prepareQuoteDataForSubmission
DA:124,4
DA:125,7
DA:127,6
DA:130,6
DA:131,1
DA:134,5
DA:143,3
DA:144,5
DA:147,4
DA:150,4
DA:151,1
DA:156,3
DA:158,3
DA:167,2
DA:169,3
DA:184,3
DA:185,1
DA:205,3
DA:206,1
DA:225,3
DA:234,2
DA:236,2
DA:251,2
DA:252,1
DA:270,1
DA:274,2
DA:275,1
DA:293,1
DA:296,2
DA:305,2
DA:306,2
DA:308,1
DA:318,1
DA:322,1
DA:323,1
DA:324,1
DA:325,1
DA:326,1
DA:327,1
DA:328,1
DA:329,1
DA:332,1
DA:333,1
DA:334,1
DA:335,1
DA:336,1
DA:337,1
DA:338,1
DA:339,1
DA:340,1
DA:341,1
DA:346,1
DA:347,8
DA:349,8
DA:350,8
DA:351,8
DA:352,8
DA:353,8
DA:354,8
DA:355,8
DA:356,8
DA:357,8
DA:360,8
DA:361,8
DA:362,8
DA:363,8
DA:364,8
DA:367,1
DA:371,0
DA:372,0
DA:377,0
DA:381,0
DA:383,0
DA:390,0
DA:391,0
DA:392,0
DA:393,0
DA:394,0
DA:395,0
DA:396,0
DA:397,0
DA:398,0
DA:399,0
DA:400,0
DA:401,0
DA:402,0
DA:403,0
DA:404,0
DA:408,0
DA:412,1
DA:413,2
DA:423,2
DA:427,1
DA:428,1
LF:94
LH:73
BRDA:125,0,0,1
BRDA:127,1,0,2
BRDA:127,1,1,4
BRDA:130,2,0,1
BRDA:144,3,0,1
BRDA:150,4,0,1
BRDA:170,5,0,3
BRDA:170,5,1,1
BRDA:171,6,0,3
BRDA:171,6,1,2
BRDA:172,7,0,3
BRDA:172,7,1,2
BRDA:173,8,0,3
BRDA:173,8,1,2
BRDA:174,9,0,3
BRDA:174,9,1,3
BRDA:175,10,0,3
BRDA:175,10,1,2
BRDA:176,11,0,1
BRDA:176,11,1,2
BRDA:177,12,0,3
BRDA:177,12,1,2
BRDA:178,13,0,3
BRDA:178,13,1,3
BRDA:184,14,0,1
BRDA:184,15,0,3
BRDA:184,15,1,2
BRDA:186,16,0,1
BRDA:186,16,1,0
BRDA:187,17,0,1
BRDA:187,17,1,0
BRDA:188,18,0,1
BRDA:188,18,1,1
BRDA:189,19,0,1
BRDA:189,19,1,1
BRDA:190,20,0,1
BRDA:190,20,1,0
BRDA:191,21,0,1
BRDA:191,21,1,0
BRDA:192,22,0,1
BRDA:192,22,1,0
BRDA:193,23,0,1
BRDA:193,23,1,0
BRDA:194,24,0,1
BRDA:194,24,1,1
BRDA:195,25,0,1
BRDA:195,25,1,1
BRDA:196,26,0,1
BRDA:196,26,1,1
BRDA:197,27,0,1
BRDA:197,27,1,1
BRDA:198,28,0,1
BRDA:198,28,1,1
BRDA:199,29,0,1
BRDA:199,29,1,1
BRDA:200,30,0,1
BRDA:200,30,1,1
BRDA:205,31,0,1
BRDA:205,32,0,3
BRDA:205,32,1,2
BRDA:207,33,0,1
BRDA:207,33,1,0
BRDA:208,34,0,1
BRDA:208,34,1,0
BRDA:209,35,0,1
BRDA:209,35,1,0
BRDA:210,36,0,1
BRDA:210,36,1,0
BRDA:211,37,0,1
BRDA:211,37,1,0
BRDA:212,38,0,1
BRDA:212,38,1,0
BRDA:213,39,0,1
BRDA:213,39,1,0
BRDA:214,40,0,1
BRDA:214,40,1,0
BRDA:215,41,0,1
BRDA:215,41,1,0
BRDA:216,42,0,1
BRDA:216,42,1,0
BRDA:237,43,0,2
BRDA:237,43,1,1
BRDA:238,44,0,2
BRDA:238,44,1,1
BRDA:239,45,0,2
BRDA:239,45,1,2
BRDA:240,46,0,2
BRDA:240,46,1,2
BRDA:241,47,0,2
BRDA:241,47,1,2
BRDA:242,48,0,2
BRDA:242,48,1,2
BRDA:243,49,0,1
BRDA:243,49,1,1
BRDA:244,50,0,2
BRDA:244,50,1,2
BRDA:245,51,0,2
BRDA:245,51,1,2
BRDA:251,52,0,1
BRDA:251,52,1,1
BRDA:251,53,0,2
BRDA:251,53,1,1
BRDA:253,54,0,1
BRDA:253,54,1,0
BRDA:254,55,0,1
BRDA:254,55,1,0
BRDA:255,56,0,1
BRDA:255,56,1,1
BRDA:256,57,0,1
BRDA:256,57,1,1
BRDA:257,58,0,1
BRDA:257,58,1,0
BRDA:258,59,0,1
BRDA:258,59,1,0
BRDA:259,60,0,1
BRDA:259,60,1,0
BRDA:262,61,0,1
BRDA:262,61,1,1
BRDA:263,62,0,1
BRDA:263,62,1,1
BRDA:264,63,0,1
BRDA:264,63,1,1
BRDA:265,64,0,1
BRDA:265,64,1,1
BRDA:266,65,0,1
BRDA:266,65,1,1
BRDA:274,66,0,1
BRDA:274,66,1,1
BRDA:274,67,0,2
BRDA:274,67,1,1
BRDA:276,68,0,1
BRDA:276,68,1,0
BRDA:277,69,0,1
BRDA:277,69,1,0
BRDA:278,70,0,1
BRDA:278,70,1,0
BRDA:279,71,0,1
BRDA:279,71,1,0
BRDA:280,72,0,1
BRDA:280,72,1,0
BRDA:281,73,0,1
BRDA:281,73,1,0
BRDA:282,74,0,1
BRDA:282,74,1,0
BRDA:283,75,0,1
BRDA:283,75,1,0
BRDA:284,76,0,1
BRDA:284,76,1,0
BRDA:285,77,0,1
BRDA:285,77,1,0
BRDA:306,78,0,1
BRDA:322,79,0,1
BRDA:322,79,1,0
BRDA:323,80,0,1
BRDA:323,80,1,1
BRDA:324,81,0,1
BRDA:324,81,1,0
BRDA:325,82,0,0
BRDA:325,82,1,1
BRDA:326,83,0,0
BRDA:326,83,1,1
BRDA:327,84,0,1
BRDA:327,84,1,1
BRDA:328,85,0,1
BRDA:328,85,1,1
BRDA:329,86,0,1
BRDA:329,86,1,1
BRDA:332,87,0,1
BRDA:332,88,0,1
BRDA:332,88,1,1
BRDA:335,89,0,1
BRDA:335,89,1,0
BRDA:336,90,0,1
BRDA:336,90,1,0
BRDA:337,91,0,1
BRDA:337,91,1,0
BRDA:338,92,0,1
BRDA:338,92,1,0
BRDA:339,93,0,1
BRDA:339,93,1,0
BRDA:340,94,0,1
BRDA:340,94,1,1
BRDA:341,95,0,1
BRDA:341,95,1,1
BRDA:349,96,0,8
BRDA:349,96,1,8
BRDA:350,97,0,8
BRDA:350,97,1,8
BRDA:351,98,0,8
BRDA:351,98,1,8
BRDA:352,99,0,8
BRDA:352,99,1,8
BRDA:353,100,0,8
BRDA:353,100,1,8
BRDA:354,101,0,8
BRDA:354,101,1,8
BRDA:355,102,0,8
BRDA:355,102,1,8
BRDA:356,103,0,8
BRDA:356,103,1,8
BRDA:357,104,0,8
BRDA:357,104,1,8
BRDA:360,105,0,0
BRDA:360,105,1,8
BRDA:361,106,0,0
BRDA:361,106,1,8
BRDA:362,107,0,0
BRDA:362,107,1,8
BRDA:363,108,0,0
BRDA:363,108,1,8
BRDA:364,109,0,0
BRDA:364,109,1,8
BRDA:385,110,0,0
BRDA:385,110,1,0
BRDA:386,111,0,0
BRDA:386,111,1,0
BRDA:392,112,0,0
BRDA:393,113,0,0
BRDA:393,113,1,0
BRDA:394,114,0,0
BRDA:394,114,1,0
BRDA:395,115,0,0
BRDA:395,115,1,0
BRDA:396,116,0,0
BRDA:396,116,1,0
BRDA:397,117,0,0
BRDA:397,117,1,0
BRDA:398,118,0,0
BRDA:398,118,1,0
BRDA:399,119,0,0
BRDA:399,119,1,0
BRDA:400,120,0,0
BRDA:400,120,1,0
BRDA:401,121,0,0
BRDA:401,121,1,0
BRDA:402,122,0,0
BRDA:402,122,1,0
BRDA:403,123,0,0
BRDA:403,123,1,0
BRDA:404,124,0,0
BRDA:404,124,1,0
BRDA:416,125,0,2
BRDA:416,125,1,0
BRDA:420,126,0,2
BRDA:420,126,1,0
BRDA:433,127,0,1
BRDA:433,127,1,0
BRDA:433,128,0,1
BRDA:433,128,1,1
BRDA:434,129,0,0
BRDA:434,129,1,1
BRDA:434,130,0,1
BRDA:434,130,1,0
BRDA:435,131,0,0
BRDA:435,131,1,1
BRDA:435,132,0,1
BRDA:435,132,1,0
BRF:257
BRH:176
end_of_record
TN:
SF:lib/providers.tsx
FN:15,Providers
FNF:1
FNH:0
FNDA:0,Providers
DA:1,0
DA:2,0
DA:5,0
DA:15,0
LF:4
LH:0
BRF:0
BRH:0
end_of_record
TN:
SF:lib/theme-context.tsx
FN:17,useTheme
FN:29,ThemeProvider
FN:34,(anonymous_8)
FN:47,(anonymous_9)
FNF:4
FNH:0
FNDA:0,useTheme
FNDA:0,ThemeProvider
FNDA:0,(anonymous_8)
FNDA:0,(anonymous_9)
DA:3,0
DA:15,0
DA:17,0
DA:18,0
DA:19,0
DA:20,0
DA:22,0
DA:29,0
DA:30,0
DA:31,0
DA:32,0
DA:34,0
DA:35,0
DA:37,0
DA:38,0
DA:39,0
DA:41,0
DA:42,0
DA:43,0
DA:47,0
DA:49,0
DA:51,0
DA:56,0
DA:57,0
DA:59,0
DA:62,0
DA:63,0
DA:64,0
DA:66,0
DA:67,0
LF:30
LH:0
BRDA:19,0,0,0
BRDA:38,1,0,0
BRDA:38,2,0,0
BRDA:38,2,1,0
BRDA:42,3,0,0
BRDA:42,4,0,0
BRDA:42,4,1,0
BRDA:49,5,0,0
BRDA:56,6,0,0
BRDA:62,7,0,0
BRDA:62,7,1,0
BRF:11
BRH:0
end_of_record
TN:
SF:lib/utils.ts
FN:7,cn
FN:18,formatDate
FN:35,formatDateYMD
FN:55,formatCurrency
FN:69,truncate
FNF:5
FNH:0
FNDA:0,cn
FNDA:0,formatDate
FNDA:0,formatDateYMD
FNDA:0,formatCurrency
FNDA:0,truncate
DA:1,0
DA:2,0
DA:7,0
DA:8,0
DA:18,0
DA:26,0
DA:35,0
DA:36,0
DA:38,0
DA:41,0
DA:42,0
DA:45,0
DA:55,0
DA:59,0
DA:69,0
DA:70,0
DA:71,0
LF:17
LH:0
BRDA:20,0,0,0
BRDA:36,1,0,0
BRDA:38,2,0,0
BRDA:38,2,1,0
BRDA:41,3,0,0
BRDA:57,4,0,0
BRDA:70,5,0,0
BRDA:70,6,0,0
BRDA:70,6,1,0
BRF:9
BRH:0
end_of_record
TN:
SF:lib/config/environment.ts
FN:55,(anonymous_11)
FN:56,(anonymous_12)
FN:60,(anonymous_13)
FN:61,(anonymous_14)
FN:68,validateEnvironment
FN:73,(anonymous_16)
FN:93,(anonymous_17)
FN:99,(anonymous_18)
FN:106,(anonymous_19)
FNF:9
FNH:0
FNDA:0,(anonymous_11)
FNDA:0,(anonymous_12)
FNDA:0,(anonymous_13)
FNDA:0,(anonymous_14)
FNDA:0,validateEnvironment
FNDA:0,(anonymous_16)
FNDA:0,(anonymous_17)
FNDA:0,(anonymous_18)
FNDA:0,(anonymous_19)
DA:7,0
DA:10,0
DA:55,0
DA:56,0
DA:60,0
DA:61,0
DA:69,0
DA:70,0
DA:72,0
DA:73,0
DA:74,0
DA:79,0
DA:84,0
DA:87,0
DA:94,0
DA:95,0
DA:100,0
DA:107,0
DA:112,0
DA:114,0
DA:115,0
DA:118,0
DA:119,0
DA:122,0
DA:123,0
DA:128,0
DA:138,0
DA:144,0
DA:149,0
DA:154,0
DA:164,0
DA:173,0
DA:178,0
DA:185,0
DA:186,0
DA:187,0
DA:188,0
LF:37
LH:0
BRDA:72,0,0,0
BRDA:95,1,0,0
BRDA:95,1,1,0
BRDA:100,2,0,0
BRDA:100,2,1,0
BRDA:100,2,2,0
BRDA:107,3,0,0
BRDA:107,3,1,0
BRDA:112,4,0,0
BRDA:114,5,0,0
BRDA:118,6,0,0
BRDA:122,7,0,0
BRDA:130,8,0,0
BRDA:130,8,1,0
BRDA:185,9,0,0
BRDA:188,10,0,0
BRDA:188,10,1,0
BRF:17
BRH:0
end_of_record
TN:
SF:lib/database/client.ts
FN:21,getPool
FN:26,(anonymous_14)
FN:38,query
FN:68,transaction
FN:90,closePool
FN:104,getOrgContext
FN:108,(anonymous_19)
FN:126,selectWithOrg
FN:136,(anonymous_21)
FN:149,insertWithOrg
FN:158,(anonymous_23)
FN:173,updateWithOrg
FN:182,(anonymous_25)
FN:197,deleteWithOrg
FN:218,healthCheck
FN:265,initializeDatabase
FNF:16
FNH:0
FNDA:0,getPool
FNDA:0,(anonymous_14)
FNDA:0,query
FNDA:0,transaction
FNDA:0,closePool
FNDA:0,getOrgContext
FNDA:0,(anonymous_19)
FNDA:0,selectWithOrg
FNDA:0,(anonymous_21)
FNDA:0,insertWithOrg
FNDA:0,(anonymous_23)
FNDA:0,updateWithOrg
FNDA:0,(anonymous_25)
FNDA:0,deleteWithOrg
FNDA:0,healthCheck
FNDA:0,initializeDatabase
DA:4,0
DA:7,0
DA:16,0
DA:21,0
DA:22,0
DA:23,0
DA:26,0
DA:27,0
DA:28,0
DA:32,0
DA:38,0
DA:42,0
DA:44,0
DA:45,0
DA:46,0
DA:47,0
DA:50,0
DA:51,0
DA:58,0
DA:60,0
DA:61,0
DA:68,0
DA:71,0
DA:72,0
DA:74,0
DA:75,0
DA:76,0
DA:77,0
DA:78,0
DA:80,0
DA:81,0
DA:83,0
DA:90,0
DA:91,0
DA:92,0
DA:93,0
DA:104,0
DA:105,0
DA:109,0
DA:110,0
DA:111,0
DA:112,0
DA:114,0
DA:126,0
DA:132,0
DA:133,0
DA:135,0
DA:136,0
DA:139,0
DA:141,0
DA:142,0
DA:143,0
DA:149,0
DA:154,0
DA:156,0
DA:157,0
DA:158,0
DA:160,0
DA:166,0
DA:167,0
DA:173,0
DA:179,0
DA:180,0
DA:182,0
DA:183,0
DA:190,0
DA:191,0
DA:197,0
DA:202,0
DA:207,0
DA:208,0
DA:218,0
DA:224,0
DA:226,0
DA:229,0
DA:237,0
DA:243,0
DA:249,0
DA:265,0
DA:266,0
DA:267,0
DA:269,0
DA:270,0
DA:273,0
DA:274,0
DA:275,0
DA:278,0
DA:285,0
DA:286,0
DA:294,0
DA:295,0
DA:299,0
DA:302,0
DA:303,0
DA:308,0
LF:95
LH:0
BRDA:9,0,0,0
BRDA:9,0,1,0
BRDA:22,1,0,0
BRDA:50,2,0,0
BRDA:50,3,0,0
BRDA:50,3,1,0
BRDA:52,4,0,0
BRDA:52,4,1,0
BRDA:91,5,0,0
BRDA:108,6,0,0
BRDA:110,7,0,0
BRDA:111,8,0,0
BRDA:135,9,0,0
BRDA:135,9,1,0
BRDA:191,10,0,0
BRDA:191,10,1,0
BRDA:208,11,0,0
BRDA:208,11,1,0
BRDA:245,12,0,0
BRDA:245,12,1,0
BRDA:246,13,0,0
BRDA:246,13,1,0
BRDA:253,14,0,0
BRDA:253,14,1,0
BRDA:269,15,0,0
BRDA:294,16,0,0
BRF:26
BRH:0
end_of_record
TN:
SF:lib/middleware/validation.ts
FN:22,(anonymous_9)
FN:23,(anonymous_10)
FN:54,sanitizeString
FN:59,(anonymous_12)
FN:64,(anonymous_13)
FN:80,validateRequestBody
FN:98,(anonymous_15)
FN:112,sanitizeObject
FN:118,(anonymous_17)
FN:135,validateQueryParams
FN:142,(anonymous_19)
FN:154,checkRateLimit
FN:188,createValidationMiddleware
FN:195,(anonymous_22)
FN:252,addSecurityHeaders
FNF:15
FNH:0
FNDA:0,(anonymous_9)
FNDA:0,(anonymous_10)
FNDA:0,sanitizeString
FNDA:0,(anonymous_12)
FNDA:0,(anonymous_13)
FNDA:0,validateRequestBody
FNDA:0,(anonymous_15)
FNDA:0,sanitizeObject
FNDA:0,(anonymous_17)
FNDA:0,validateQueryParams
FNDA:0,(anonymous_19)
FNDA:0,checkRateLimit
FNDA:0,createValidationMiddleware
FNDA:0,(anonymous_22)
FNDA:0,addSecurityHeaders
DA:7,0
DA:8,0
DA:9,0
DA:12,0
DA:22,0
DA:23,0
DA:34,0
DA:43,0
DA:54,0
DA:55,0
DA:58,0
DA:59,0
DA:60,0
DA:64,0
DA:65,0
DA:69,0
DA:74,0
DA:80,0
DA:85,0
DA:87,0
DA:88,0
DA:91,0
DA:93,0
DA:94,0
DA:96,0
DA:98,0
DA:102,0
DA:113,0
DA:114,0
DA:117,0
DA:118,0
DA:121,0
DA:122,0
DA:123,0
DA:124,0
DA:126,0
DA:129,0
DA:135,0
DA:139,0
DA:140,0
DA:142,0
DA:143,0
DA:146,0
DA:152,0
DA:154,0
DA:159,0
DA:160,0
DA:163,0
DA:164,0
DA:165,0
DA:169,0
DA:171,0
DA:173,0
DA:174,0
DA:177,0
DA:178,0
DA:181,0
DA:182,0
DA:188,0
DA:195,0
DA:199,0
DA:201,0
DA:202,0
DA:203,0
DA:209,0
DA:210,0
DA:225,0
DA:226,0
DA:228,0
DA:229,0
DA:238,0
DA:240,0
DA:241,0
DA:252,0
DA:253,0
DA:254,0
DA:255,0
DA:256,0
DA:257,0
DA:259,0
DA:260,0
DA:263,0
LF:82
LH:0
BRDA:55,0,0,0
BRDA:83,1,0,0
BRDA:87,2,0,0
BRDA:87,3,0,0
BRDA:87,3,1,0
BRDA:87,3,2,0
BRDA:93,4,0,0
BRDA:93,4,1,0
BRDA:113,5,0,0
BRDA:117,6,0,0
BRDA:121,7,0,0
BRDA:121,8,0,0
BRDA:121,8,1,0
BRDA:156,9,0,0
BRDA:157,10,0,0
BRDA:164,11,0,0
BRDA:171,12,0,0
BRDA:171,13,0,0
BRDA:171,13,1,0
BRDA:177,14,0,0
BRDA:190,15,0,0
BRDA:201,16,0,0
BRDA:202,17,0,0
BRDA:202,17,1,0
BRDA:202,17,2,0
BRDA:209,18,0,0
BRDA:228,19,0,0
BRDA:259,20,0,0
BRF:28
BRH:0
end_of_record
TN:
SF:lib/ringcentral/api.ts
FN:15,getAccessToken
FN:30,callRingCentralApi
FN:70,makeCall
FN:84,getCallStatus
FN:91,getAccountInfo
FN:98,getExtensionInfo
FN:105,getPhoneNumbers
FN:112,sendSMS
FNF:8
FNH:0
FNDA:0,getAccessToken
FNDA:0,callRingCentralApi
FNDA:0,makeCall
FNDA:0,getCallStatus
FNDA:0,getAccountInfo
FNDA:0,getExtensionInfo
FNDA:0,getPhoneNumbers
FNDA:0,sendSMS
DA:8,0
DA:9,0
DA:10,0
DA:15,0
DA:16,0
DA:17,0
DA:18,0
DA:20,0
DA:30,0
DA:35,0
DA:37,0
DA:38,0
DA:41,0
DA:43,0
DA:52,0
DA:54,0
DA:55,0
DA:57,0
DA:58,0
DA:61,0
DA:64,0
DA:70,0
DA:71,0
DA:78,0
DA:84,0
DA:85,0
DA:91,0
DA:92,0
DA:98,0
DA:99,0
DA:105,0
DA:106,0
DA:112,0
DA:113,0
DA:119,0
LF:35
LH:0
BRDA:22,0,0,0
BRDA:22,0,1,0
BRDA:23,1,0,0
BRDA:23,1,1,0
BRDA:23,1,2,0
BRDA:32,2,0,0
BRDA:37,3,0,0
BRDA:37,4,0,0
BRDA:37,4,1,0
BRDA:49,5,0,0
BRDA:49,5,1,0
BRDA:52,6,0,0
BRDA:74,7,0,0
BRDA:74,7,1,0
BRF:14
BRH:0
end_of_record
TN:
SF:lib/ringcentral/config.ts
FN:45,(anonymous_18)
FN:54,(anonymous_19)
FN:64,formatScopesForOAuth
FN:69,validateConfig
FN:80,(anonymous_22)
FN:84,(anonymous_23)
FNF:6
FNH:0
FNDA:0,(anonymous_18)
FNDA:0,(anonymous_19)
FNDA:0,formatScopesForOAuth
FNDA:0,validateConfig
FNDA:0,(anonymous_22)
FNDA:0,(anonymous_23)
DA:9,0
DA:12,0
DA:13,0
DA:14,0
DA:15,0
DA:16,0
DA:19,0
DA:24,0
DA:29,0
DA:34,0
DA:37,0
DA:38,0
DA:39,0
DA:40,0
DA:43,0
DA:45,0
DA:54,0
DA:59,0
DA:64,0
DA:65,0
DA:69,0
DA:70,0
DA:80,0
DA:82,0
DA:83,0
DA:84,0
DA:85,0
DA:88,0
LF:28
LH:0
BRDA:9,0,0,0
BRDA:9,0,1,0
BRDA:19,1,0,0
BRDA:19,1,1,0
BRDA:29,2,0,0
BRDA:29,2,1,0
BRDA:30,3,0,0
BRDA:30,3,1,0
BRDA:34,4,0,0
BRDA:34,4,1,0
BRDA:38,5,0,0
BRDA:38,5,1,0
BRDA:59,6,0,0
BRDA:59,6,1,0
BRDA:82,7,0,0
BRF:15
BRH:0
end_of_record
TN:
SF:lib/themes/gray.ts
FNF:0
FNH:0
DA:3,0
LF:1
LH:0
BRF:0
BRH:0
end_of_record
TN:
SF:lib/themes/index.ts
FN:26,(anonymous_8)
FN:29,(anonymous_9)
FNF:2
FNH:0
FNDA:0,(anonymous_8)
FNDA:0,(anonymous_9)
DA:2,0
DA:3,0
DA:4,0
DA:5,0
DA:6,0
DA:9,0
DA:17,0
DA:26,0
DA:29,0
DA:32,0
LF:10
LH:0
BRF:0
BRH:0
end_of_record
TN:
SF:lib/themes/neutral.ts
FNF:0
FNH:0
DA:3,0
LF:1
LH:0
BRF:0
BRH:0
end_of_record
TN:
SF:lib/themes/slate.ts
FNF:0
FNH:0
DA:3,0
LF:1
LH:0
BRF:0
BRH:0
end_of_record
TN:
SF:lib/themes/stone.ts
FNF:0
FNH:0
DA:3,0
LF:1
LH:0
BRF:0
BRH:0
end_of_record
TN:
SF:lib/themes/zinc.ts
FNF:0
FNH:0
DA:3,0
LF:1
LH:0
BRF:0
BRH:0
end_of_record
TN:
SF:utils/pipeline-api.ts
FN:14,fetchPipelines
FN:31,fetchPipelineById
FN:48,fetchDefaultPipeline
FN:65,createPipeline
FN:90,updatePipeline
FN:116,deletePipeline
FN:135,updateLeadPipelineAndStatus
FNF:7
FNH:0
FNDA:0,fetchPipelines
FNDA:0,fetchPipelineById
FNDA:0,fetchDefaultPipeline
FNDA:0,createPipeline
FNDA:0,updatePipeline
FNDA:0,deletePipeline
FNDA:0,updateLeadPipelineAndStatus
DA:14,0
DA:15,0
DA:16,0
DA:17,0
DA:18,0
DA:20,0
DA:21,0
DA:23,0
DA:24,0
DA:31,0
DA:32,0
DA:33,0
DA:34,0
DA:35,0
DA:37,0
DA:38,0
DA:40,0
DA:41,0
DA:48,0
DA:49,0
DA:50,0
DA:51,0
DA:52,0
DA:54,0
DA:55,0
DA:57,0
DA:58,0
DA:65,0
DA:66,0
DA:67,0
DA:75,0
DA:76,0
DA:79,0
DA:80,0
DA:82,0
DA:83,0
DA:90,0
DA:91,0
DA:92,0
DA:100,0
DA:101,0
DA:104,0
DA:105,0
DA:107,0
DA:108,0
DA:116,0
DA:117,0
DA:118,0
DA:122,0
DA:123,0
DA:124,0
DA:127,0
DA:128,0
DA:135,0
DA:136,0
DA:137,0
DA:145,0
DA:146,0
DA:149,0
DA:150,0
LF:60
LH:0
BRDA:17,0,0,0
BRDA:34,1,0,0
BRDA:51,2,0,0
BRDA:75,3,0,0
BRDA:100,4,0,0
BRDA:122,5,0,0
BRDA:124,6,0,0
BRDA:124,6,1,0
BRDA:145,7,0,0
BRF:9
BRH:0
end_of_record
TN:
SF:utils/supabase/client.ts
FN:9,(anonymous_3)
FNF:1
FNH:0
FNDA:0,(anonymous_3)
DA:1,0
DA:5,0
DA:6,0
DA:9,0
DA:10,0
DA:17,0
DA:20,0
DA:21,0
DA:24,0
LF:9
LH:0
BRDA:20,0,0,0
BRDA:21,1,0,0
BRDA:21,1,1,0
BRF:3
BRH:0
end_of_record
TN:
SF:utils/supabase/server.ts
FN:4,(anonymous_1)
FN:12,(anonymous_2)
FN:16,(anonymous_3)
FN:26,(anonymous_4)
FNF:4
FNH:0
FNDA:0,(anonymous_1)
FNDA:0,(anonymous_2)
FNDA:0,(anonymous_3)
FNDA:0,(anonymous_4)
DA:1,0
DA:2,0
DA:4,0
DA:5,0
DA:7,0
DA:13,0
DA:14,0
DA:17,0
DA:18,0
DA:23,0
DA:27,0
DA:28,0
DA:33,0
LF:13
LH:0
BRF:0
BRH:0
end_of_record
